<?xml version="1.0" encoding="utf-8"?><testsuites name="pytest tests"><testsuite name="pytest" errors="0" failures="0" skipped="0" tests="16" time="8.811" timestamp="2026-01-27T21:46:35.674380+00:00" hostname="agent-env-74a0899c-1cac-4a23-9cfc-898cbeb08390"><testcase classname="backend.tests.test_admin_operations.TestAdminOperations" name="test_pre_import_check_returns_200" time="1.547" /><testcase classname="backend.tests.test_admin_operations.TestAdminOperations" name="test_pre_import_check_response_structure" time="0.767" /><testcase classname="backend.tests.test_admin_operations.TestAdminOperations" name="test_pre_import_check_stats_values" time="0.848" /><testcase classname="backend.tests.test_admin_operations.TestAdminOperations" name="test_duplicate_email_check_returns_200" time="0.572" /><testcase classname="backend.tests.test_admin_operations.TestAdminOperations" name="test_duplicate_email_check_response_structure" time="0.578" /><testcase classname="backend.tests.test_admin_operations.TestAdminOperations" name="test_duplicate_email_check_group_structure" time="0.672" /><testcase classname="backend.tests.test_admin_operations.TestAdminOperations" name="test_phone_reset_rejects_wrong_confirmation" time="0.438" /><testcase classname="backend.tests.test_admin_operations.TestAdminOperations" name="test_phone_reset_rejects_empty_confirmation" time="0.378" /><testcase classname="backend.tests.test_admin_operations.TestAdminOperations" name="test_phone_reset_rejects_case_mismatch" time="0.362" /><testcase classname="backend.tests.test_admin_operations.TestAdminOperations" name="test_phone_reset_rejects_partial_match" time="0.361" /><testcase classname="backend.tests.test_admin_operations.TestAdminOperations" name="test_phone_reset_requires_body" time="0.355" /><testcase classname="backend.tests.test_admin_operations.TestAdminOperations" name="test_list_admin_operations_returns_200" time="0.419" /><testcase classname="backend.tests.test_admin_operations.TestAdminOperations" name="test_list_admin_operations_response_structure" time="0.393" /><testcase classname="backend.tests.test_admin_operations.TestAdminOperations" name="test_pre_import_check_requires_auth" time="0.339" /><testcase classname="backend.tests.test_admin_operations.TestAdminOperations" name="test_duplicate_email_check_requires_auth" time="0.340" /><testcase classname="backend.tests.test_admin_operations.TestAdminOperations" name="test_phone_reset_requires_auth" time="0.376" /></testsuite></testsuites>