<?xml version="1.0" encoding="utf-8"?><testsuites name="pytest tests"><testsuite name="pytest" errors="0" failures="0" skipped="0" tests="13" time="10.340" timestamp="2026-01-31T05:03:59.009472+00:00" hostname="agent-env-9d9fb1d2-ac17-4ec5-89b6-028fb7674396"><testcase classname="backend.tests.test_all_contacts_tabs.TestAllContactsTabs" name="test_get_all_contacts_total_count" time="1.231" /><testcase classname="backend.tests.test_all_contacts_tabs.TestAllContactsTabs" name="test_get_contacts_stage_1" time="0.748" /><testcase classname="backend.tests.test_all_contacts_tabs.TestAllContactsTabs" name="test_get_contacts_stage_2" time="0.738" /><testcase classname="backend.tests.test_all_contacts_tabs.TestAllContactsTabs" name="test_get_contacts_stage_3" time="0.727" /><testcase classname="backend.tests.test_all_contacts_tabs.TestAllContactsTabs" name="test_get_contacts_stage_4_deal_makers" time="0.733" /><testcase classname="backend.tests.test_all_contacts_tabs.TestAllContactsTabs" name="test_get_contacts_stage_4_students" time="0.752" /><testcase classname="backend.tests.test_all_contacts_tabs.TestAllContactsTabs" name="test_get_contacts_stage_5_deal_makers" time="0.749" /><testcase classname="backend.tests.test_all_contacts_tabs.TestAllContactsTabs" name="test_get_contacts_stage_5_students" time="0.731" /><testcase classname="backend.tests.test_all_contacts_tabs.TestAllContactsTabs" name="test_search_contacts" time="0.766" /><testcase classname="backend.tests.test_all_contacts_tabs.TestAllContactsTabs" name="test_search_with_stage_filter" time="0.734" /><testcase classname="backend.tests.test_all_contacts_tabs.TestAllContactsTabs" name="test_pagination" time="1.166" /><testcase classname="backend.tests.test_all_contacts_tabs.TestAllContactsTabs" name="test_stage_counts_in_response" time="0.718" /><testcase classname="backend.tests.test_all_contacts_tabs.TestContactsSourcesEndpoint" name="test_get_sources" time="0.479" /></testsuite></testsuites>