<?xml version="1.0" encoding="utf-8"?><testsuites name="pytest tests"><testsuite name="pytest" errors="0" failures="0" skipped="0" tests="18" time="11.197" timestamp="2026-02-17T16:33:38.165298+00:00" hostname="agent-env-eb757b6d-2cd7-4a53-a7c1-55cbf8134d16"><testcase classname="backend.tests.test_auto_merge_domain.TestAutoMergeStats" name="test_stats_requires_authentication" time="0.287" /><testcase classname="backend.tests.test_auto_merge_domain.TestAutoMergeStats" name="test_stats_returns_duplicate_domain_info" time="0.888" /><testcase classname="backend.tests.test_auto_merge_domain.TestAutoMergeStats" name="test_stats_top_domains_structure" time="0.636" /><testcase classname="backend.tests.test_auto_merge_domain.TestAutoMergePreview" name="test_preview_requires_authentication" time="0.136" /><testcase classname="backend.tests.test_auto_merge_domain.TestAutoMergePreview" name="test_preview_returns_groups" time="0.657" /><testcase classname="backend.tests.test_auto_merge_domain.TestAutoMergePreview" name="test_preview_respects_limit" time="0.721" /><testcase classname="backend.tests.test_auto_merge_domain.TestAutoMergePreview" name="test_preview_group_structure" time="0.733" /><testcase classname="backend.tests.test_auto_merge_domain.TestAutoMergeRun" name="test_run_requires_authentication" time="0.223" /><testcase classname="backend.tests.test_auto_merge_domain.TestAutoMergeRun" name="test_dry_run_returns_preview" time="0.603" /><testcase classname="backend.tests.test_auto_merge_domain.TestAutoMergeRun" name="test_dry_run_respects_max_merges" time="0.522" /><testcase classname="backend.tests.test_auto_merge_domain.TestAutoMergeRun" name="test_dry_run_merge_details_structure" time="0.584" /><testcase classname="backend.tests.test_auto_merge_domain.TestAutoMergeRun" name="test_dry_run_does_not_modify_data" time="1.546" /><testcase classname="backend.tests.test_auto_merge_domain.TestAutoMergeRun" name="test_dry_run_default_value" time="0.531" /><testcase classname="backend.tests.test_auto_merge_domain.TestAutoMergeHistory" name="test_history_requires_authentication" time="0.147" /><testcase classname="backend.tests.test_auto_merge_domain.TestAutoMergeHistory" name="test_history_returns_operations" time="0.311" /><testcase classname="backend.tests.test_auto_merge_domain.TestAutoMergeHistory" name="test_history_respects_limit" time="0.303" /><testcase classname="backend.tests.test_auto_merge_domain.TestAutoMergeIntegration" name="test_stats_and_preview_consistency" time="1.108" /><testcase classname="backend.tests.test_auto_merge_domain.TestAutoMergeIntegration" name="test_dry_run_matches_preview" time="1.153" /></testsuite></testsuites>