<?xml version="1.0" encoding="utf-8"?><testsuites name="pytest tests"><testsuite name="pytest" errors="0" failures="0" skipped="0" tests="14" time="6.350" timestamp="2026-01-28T23:35:36.768758+00:00" hostname="agent-env-3be0d676-79ad-42b5-a3dd-41cb051bcd2a"><testcase classname="backend.tests.test_bug_fixes.TestVenueFinder" name="test_list_venues" time="0.924" /><testcase classname="backend.tests.test_bug_fixes.TestVenueFinder" name="test_create_venue" time="0.254" /><testcase classname="backend.tests.test_bug_fixes.TestVenueFinder" name="test_update_venue" time="0.502" /><testcase classname="backend.tests.test_bug_fixes.TestWriteBooksChapter" name="test_list_books" time="0.165" /><testcase classname="backend.tests.test_bug_fixes.TestWriteBooksChapter" name="test_create_chapter_without_book_id_in_body" time="0.636" /><testcase classname="backend.tests.test_bug_fixes.TestWriteBooksChapter" name="test_create_chapter_with_book_id_in_body" time="0.694" /><testcase classname="backend.tests.test_bug_fixes.TestEventsEdit" name="test_list_events" time="0.123" /><testcase classname="backend.tests.test_bug_fixes.TestEventsEdit" name="test_update_event_name" time="0.541" /><testcase classname="backend.tests.test_bug_fixes.TestEventsEdit" name="test_update_event_linkedin_url" time="0.694" /><testcase classname="backend.tests.test_bug_fixes.TestEventsEdit" name="test_update_event_multiple_fields" time="0.549" /><testcase classname="backend.tests.test_bug_fixes.TestApifyAlerts" name="test_get_apify_status" time="0.404" /><testcase classname="backend.tests.test_bug_fixes.TestApifyAlerts" name="test_get_alerts" time="0.164" /><testcase classname="backend.tests.test_bug_fixes.TestApifyAlerts" name="test_create_critical_alert" time="0.252" /><testcase classname="backend.tests.test_bug_fixes.TestApifyAlerts" name="test_mark_alert_read" time="0.375" /></testsuite></testsuites>