<?xml version="1.0" encoding="utf-8"?><testsuites name="pytest tests"><testsuite name="pytest" errors="0" failures="0" skipped="0" tests="17" time="14.098" timestamp="2026-02-19T00:19:31.654167+00:00" hostname="agent-env-bc5cd8df-e860-4497-89c4-52165dde58c5"><testcase classname="tests.test_case_level_roles.TestCaseRolesEndpoint" name="test_case_roles_endpoint_exists" time="1.061" /><testcase classname="tests.test_case_level_roles.TestCaseRolesEndpoint" name="test_set_single_role" time="0.450" /><testcase classname="tests.test_case_level_roles.TestCaseRolesEndpoint" name="test_set_multiple_roles" time="0.472" /><testcase classname="tests.test_case_level_roles.TestCaseRolesEndpoint" name="test_delete_all_roles_empty_array" time="0.730" /><testcase classname="tests.test_case_level_roles.TestCaseRolesEndpoint" name="test_role_replacement_not_append" time="0.809" /><testcase classname="tests.test_case_level_roles.TestCaseRolesEndpoint" name="test_invalid_role_rejected" time="0.314" /><testcase classname="tests.test_case_level_roles.TestCaseRolesEndpoint" name="test_nonexistent_contact_rejected" time="0.207" /><testcase classname="tests.test_case_level_roles.TestCaseRolesEndpoint" name="test_nonexistent_case_rejected" time="0.290" /><testcase classname="tests.test_case_level_roles.TestCasesByContactEndpoint" name="test_endpoint_returns_200" time="0.284" /><testcase classname="tests.test_case_level_roles.TestCasesByContactEndpoint" name="test_cases_have_case_roles_array" time="0.638" /><testcase classname="tests.test_case_level_roles.TestCasesByContactEndpoint" name="test_empty_case_roles_after_deletion" time="0.665" /><testcase classname="tests.test_case_level_roles.TestDeliveryGanadosEndpoint" name="test_endpoint_returns_200" time="1.751" /><testcase classname="tests.test_case_level_roles.TestDeliveryGanadosEndpoint" name="test_contacts_have_case_roles" time="1.650" /><testcase classname="tests.test_case_level_roles.TestDeliveryGanadosEndpoint" name="test_multi_role_contact_grouping" time="2.033" /><testcase classname="tests.test_case_level_roles.TestRoleGroupingLogic" name="test_multi_role_expected_groups" time="0.001" /><testcase classname="tests.test_case_level_roles.TestRoleGroupingLogic" name="test_roles_not_reappearing_after_deletion" time="1.064" /><testcase classname="tests.test_case_level_roles.TestIntegration" name="test_full_workflow_set_verify_delete_verify" time="1.572" /></testsuite></testsuites>