<?xml version="1.0" encoding="utf-8"?><testsuites name="pytest tests"><testsuite name="pytest" errors="0" failures="0" skipped="0" tests="16" time="3.118" timestamp="2026-01-24T22:52:38.822245+00:00" hostname="agent-env-1c18c52e-0d5c-4bc0-9cb5-ac6d7c8e4bf9"><testcase classname="backend.tests.test_certificados.TestCatalogEndpoints" name="test_get_programs_catalog" time="0.094" /><testcase classname="backend.tests.test_certificados.TestCatalogEndpoints" name="test_get_levels_catalog" time="0.014" /><testcase classname="backend.tests.test_certificados.TestContactSearch" name="test_search_contact_found" time="0.528" /><testcase classname="backend.tests.test_certificados.TestContactSearch" name="test_search_contact_not_found" time="0.054" /><testcase classname="backend.tests.test_certificados.TestCertificateGeneration" name="test_generate_certificate_success" time="0.473" /><testcase classname="backend.tests.test_certificados.TestCertificateGeneration" name="test_generate_certificate_invalid_program" time="0.093" /><testcase classname="backend.tests.test_certificados.TestCertificateGeneration" name="test_generate_certificate_invalid_level" time="0.055" /><testcase classname="backend.tests.test_certificados.TestCertificateGeneration" name="test_generate_certificate_contact_not_found" time="0.136" /><testcase classname="backend.tests.test_certificados.TestCertificateList" name="test_list_certificates" time="0.097" /><testcase classname="backend.tests.test_certificados.TestCertificateGet" name="test_get_certificate_success" time="0.273" /><testcase classname="backend.tests.test_certificados.TestCertificateGet" name="test_get_certificate_not_found" time="0.096" /><testcase classname="backend.tests.test_certificados.TestCertificatePDF" name="test_generate_pdf_success" time="0.270" /><testcase classname="backend.tests.test_certificados.TestCertificatePDF" name="test_generate_pdf_not_found" time="0.096" /><testcase classname="backend.tests.test_certificados.TestCertificateDelete" name="test_delete_certificate_success" time="0.423" /><testcase classname="backend.tests.test_certificados.TestCertificateDelete" name="test_delete_certificate_not_found" time="0.096" /><testcase classname="backend.tests.test_certificados.TestCleanup" name="test_cleanup_test_certificates" time="0.235" /></testsuite></testsuites>