<?xml version="1.0" encoding="utf-8"?><testsuites name="pytest tests"><testsuite name="pytest" errors="0" failures="0" skipped="0" tests="13" time="2.315" timestamp="2026-02-19T04:21:04.468861+00:00" hostname="agent-env-1dc37919-b7bb-4e07-8e3e-8cd3effd0530"><testcase classname="tests.test_classification_redesign.TestIndustriesV2" name="test_industries_v2_endpoint_exists" time="0.301" /><testcase classname="tests.test_classification_redesign.TestIndustriesV2" name="test_industries_v2_stats_overview" time="0.159" /><testcase classname="tests.test_classification_redesign.TestIndustriesV2" name="test_industries_v2_outbound" time="0.169" /><testcase classname="tests.test_classification_redesign.TestUnifiedCompanies" name="test_unified_companies_endpoint_exists" time="0.185" /><testcase classname="tests.test_classification_redesign.TestUnifiedCompanies" name="test_unified_companies_outbound" time="0.166" /><testcase classname="tests.test_classification_redesign.TestUnifiedCompanies" name="test_unified_companies_search" time="0.186" /><testcase classname="tests.test_classification_redesign.TestHubspotCompaniesStats" name="test_companies_stats_endpoint" time="0.158" /><testcase classname="tests.test_classification_redesign.TestLegacyIndustries" name="test_industries_endpoint" time="0.169" /><testcase classname="tests.test_classification_redesign.TestLegacyIndustries" name="test_industries_public_endpoint" time="0.157" /><testcase classname="tests.test_classification_redesign.TestEndpointRouting" name="test_api_root" time="0.103" /><testcase classname="tests.test_classification_redesign.TestEndpointRouting" name="test_industries_v2_router_registered" time="0.175" /><testcase classname="tests.test_classification_redesign.TestEndpointRouting" name="test_unified_companies_router_registered" time="0.151" /><testcase classname="tests.test_classification_redesign.TestEndpointRouting" name="test_merge_preview_endpoint_exists" time="0.175" /></testsuite></testsuites>