<?xml version="1.0" encoding="utf-8"?><testsuites name="pytest tests"><testsuite name="pytest" errors="0" failures="0" skipped="0" tests="15" time="8.189" timestamp="2026-02-18T17:25:16.794219+00:00" hostname="agent-env-eb757b6d-2cd7-4a53-a7c1-55cbf8134d16"><testcase classname="backend.tests.test_company_merge_bugfixes.TestSearchExcludeId" name="test_search_with_exclude_id_returns_results_without_excluded_company" time="1.415" /><testcase classname="backend.tests.test_company_merge_bugfixes.TestSearchExcludeId" name="test_search_without_exclude_id_returns_all_matching" time="0.557" /><testcase classname="backend.tests.test_company_merge_bugfixes.TestSearchExcludeId" name="test_exclude_id_works_with_various_id_formats" time="0.561" /><testcase classname="backend.tests.test_company_merge_bugfixes.TestSearchExcludesMergedCompanies" name="test_search_results_do_not_contain_merged_companies" time="1.707" /><testcase classname="backend.tests.test_company_merge_bugfixes.TestSearchExcludesMergedCompanies" name="test_search_response_does_not_include_is_merged_field" time="0.254" /><testcase classname="backend.tests.test_company_merge_bugfixes.TestMergeValidatesAlreadyMerged" name="test_merge_rejects_already_merged_secondary" time="0.311" /><testcase classname="backend.tests.test_company_merge_bugfixes.TestMergeValidatesAlreadyMerged" name="test_merge_error_message_for_merged_company" time="0.309" /><testcase classname="backend.tests.test_company_merge_bugfixes.TestMergeValidatesDuplicateAlias" name="test_merge_response_structure" time="0.503" /><testcase classname="backend.tests.test_company_merge_bugfixes.TestMergeValidatesDuplicateAlias" name="test_merge_duplicate_alias_error_format" time="0.000" /><testcase classname="backend.tests.test_company_merge_bugfixes.TestMergeReturnsSuccess" name="test_merge_success_response_structure" time="0.255" /><testcase classname="backend.tests.test_company_merge_bugfixes.TestMergeReturnsSuccess" name="test_merge_validates_required_fields" time="0.681" /><testcase classname="backend.tests.test_company_merge_bugfixes.TestMergeReturnsSuccess" name="test_merge_prevents_self_merge" time="0.242" /><testcase classname="backend.tests.test_company_merge_bugfixes.TestEndToEndMergeFlow" name="test_search_exclude_and_merge_flow" time="0.545" /><testcase classname="backend.tests.test_company_merge_bugfixes.TestRealWorldScenarios" name="test_search_novartis_with_exclude" time="0.541" /><testcase classname="backend.tests.test_company_merge_bugfixes.TestRealWorldScenarios" name="test_search_amgen_excludes_merged" time="0.248" /></testsuite></testsuites>