<?xml version="1.0" encoding="utf-8"?><testsuites name="pytest tests"><testsuite name="pytest" errors="0" failures="0" skipped="0" tests="11" time="186.103" timestamp="2026-02-20T01:50:50.070097+00:00" hostname="agent-env-e23734a0-3326-4262-a9ad-7eae3be947d6"><testcase classname="tests.test_company_search_outbound.TestUnifiedCompaniesSearch" name="test_search_returns_results" time="2.994" /><testcase classname="tests.test_company_search_outbound.TestUnifiedCompaniesSearch" name="test_search_minimum_2_chars" time="0.132" /><testcase classname="tests.test_company_search_outbound.TestUnifiedCompaniesSearch" name="test_search_returns_company_fields" time="0.196" /><testcase classname="tests.test_company_search_outbound.TestUnifiedCompaniesSearch" name="test_search_by_domain" time="0.197" /><testcase classname="tests.test_company_search_outbound.TestUnifiedCompaniesSearch" name="test_search_no_results" time="0.254" /><testcase classname="tests.test_company_search_outbound.TestProspectionActiveCompanies" name="test_get_active_companies" time="58.731" /><testcase classname="tests.test_company_search_outbound.TestProspectionActiveCompanies" name="test_active_companies_have_outbound_classification" time="59.120" /><testcase classname="tests.test_company_search_outbound.TestProspectionActiveCompanies" name="test_active_companies_have_required_fields" time="59.360" /><testcase classname="tests.test_company_search_outbound.TestUnifiedCompaniesOutbound" name="test_get_outbound_companies" time="0.270" /><testcase classname="tests.test_company_search_outbound.TestUnifiedCompaniesOutbound" name="test_outbound_companies_filtered_correctly" time="0.271" /><testcase classname="tests.test_company_search_outbound.TestCompaniesAllWithSearch" name="test_get_all_companies_with_inactive" time="4.510" /></testsuite></testsuites>