<?xml version="1.0" encoding="utf-8"?><testsuites name="pytest tests"><testsuite name="pytest" errors="0" failures="0" skipped="0" tests="21" time="8.889" timestamp="2026-02-17T15:56:28.193854+00:00" hostname="agent-env-eb757b6d-2cd7-4a53-a7c1-55cbf8134d16"><testcase classname="tests.test_company_alias_merge.TestCompanySearchEndpoint" name="test_search_requires_authentication" time="0.216" /><testcase classname="tests.test_company_alias_merge.TestCompanySearchEndpoint" name="test_search_requires_minimum_query_length" time="0.222" /><testcase classname="tests.test_company_alias_merge.TestCompanySearchEndpoint" name="test_search_by_company_name" time="0.249" /><testcase classname="tests.test_company_alias_merge.TestCompanySearchEndpoint" name="test_search_by_domain" time="0.264" /><testcase classname="tests.test_company_alias_merge.TestCompanySearchEndpoint" name="test_search_respects_limit" time="0.414" /><testcase classname="tests.test_company_alias_merge.TestCompanySearchEndpoint" name="test_search_excludes_merged_companies" time="0.273" /><testcase classname="tests.test_company_alias_merge.TestCompanyUpdateWithAliases" name="test_update_requires_authentication" time="0.155" /><testcase classname="tests.test_company_alias_merge.TestCompanyUpdateWithAliases" name="test_update_company_with_aliases" time="0.537" /><testcase classname="tests.test_company_alias_merge.TestCompanyUpdateWithAliases" name="test_update_preserves_other_fields" time="1.105" /><testcase classname="tests.test_company_alias_merge.TestCompanyUpdateWithAliases" name="test_update_company_not_found" time="0.305" /><testcase classname="tests.test_company_alias_merge.TestCompanyMergeEndpoint" name="test_merge_requires_authentication" time="0.141" /><testcase classname="tests.test_company_alias_merge.TestCompanyMergeEndpoint" name="test_merge_validates_different_ids" time="0.173" /><testcase classname="tests.test_company_alias_merge.TestCompanyMergeEndpoint" name="test_merge_validates_primary_exists" time="0.309" /><testcase classname="tests.test_company_alias_merge.TestCompanyMergeEndpoint" name="test_merge_validates_secondary_exists" time="0.738" /><testcase classname="tests.test_company_alias_merge.TestCompanyMergeEndpoint" name="test_merge_request_format" time="0.144" /><testcase classname="tests.test_company_alias_merge.TestCompanyListEndpoint" name="test_list_companies_requires_auth" time="0.262" /><testcase classname="tests.test_company_alias_merge.TestCompanyListEndpoint" name="test_list_companies_returns_data" time="0.237" /><testcase classname="tests.test_company_alias_merge.TestCompanyListEndpoint" name="test_list_companies_search_filter" time="0.258" /><testcase classname="tests.test_company_alias_merge.TestCompanyDetailEndpoint" name="test_detail_requires_auth" time="0.132" /><testcase classname="tests.test_company_alias_merge.TestCompanyDetailEndpoint" name="test_detail_returns_company_data" time="0.784" /><testcase classname="tests.test_company_alias_merge.TestIntegrationFlow" name="test_full_alias_workflow" time="1.902" /></testsuite></testsuites>