<?xml version="1.0" encoding="utf-8"?><testsuites name="pytest tests"><testsuite name="pytest" errors="0" failures="0" skipped="0" tests="20" time="8.385" timestamp="2026-02-20T17:05:23.466493+00:00" hostname="agent-env-227b4101-eda0-4b47-bd28-5192ed3f26d9"><testcase classname="backend.tests.test_companies_router_migration.TestCompaniesListEndpoint" name="test_list_companies_returns_200" time="0.594" /><testcase classname="backend.tests.test_companies_router_migration.TestCompaniesListEndpoint" name="test_list_companies_with_search_filter" time="0.389" /><testcase classname="backend.tests.test_companies_router_migration.TestCompaniesListEndpoint" name="test_list_companies_pagination" time="0.239" /><testcase classname="backend.tests.test_companies_router_migration.TestCompaniesSearchEndpoint" name="test_search_companies_returns_200" time="0.254" /><testcase classname="backend.tests.test_companies_router_migration.TestCompaniesSearchEndpoint" name="test_search_companies_minimum_query" time="0.148" /><testcase classname="backend.tests.test_companies_router_migration.TestCompaniesSearchEndpoint" name="test_search_companies_exclude_id" time="0.208" /><testcase classname="backend.tests.test_companies_router_migration.TestCompanyDetailEndpoint" name="test_company_detail_with_real_company" time="0.901" /><testcase classname="backend.tests.test_companies_router_migration.TestCompanyDetailEndpoint" name="test_company_detail_not_found" time="0.197" /><testcase classname="backend.tests.test_companies_router_migration.TestCreateCompanyEndpoint" name="test_create_company_success" time="0.309" /><testcase classname="backend.tests.test_companies_router_migration.TestCreateCompanyEndpoint" name="test_create_company_duplicate_returns_existing" time="0.542" /><testcase classname="backend.tests.test_companies_router_migration.TestUpdateCompanyEndpoint" name="test_update_company_success" time="0.573" /><testcase classname="backend.tests.test_companies_router_migration.TestUpdateCompanyEndpoint" name="test_update_company_not_found" time="0.189" /><testcase classname="backend.tests.test_companies_router_migration.TestMergeCandidatesSemaphore" name="test_semaphore_returns_valid_status" time="0.300" /><testcase classname="backend.tests.test_companies_router_migration.TestMergeCandidatesCacheStatus" name="test_cache_status_returns_valid_data" time="0.200" /><testcase classname="backend.tests.test_companies_router_migration.TestTrafficLightStatus" name="test_traffic_light_includes_merge_companies" time="1.670" /><testcase classname="backend.tests.test_companies_router_migration.TestAdditionalCompanyEndpoints" name="test_auto_merge_preview" time="0.287" /><testcase classname="backend.tests.test_companies_router_migration.TestAdditionalCompanyEndpoints" name="test_auto_merge_stats" time="0.239" /><testcase classname="backend.tests.test_companies_router_migration.TestAdditionalCompanyEndpoints" name="test_admin_find_duplicates" time="0.384" /><testcase classname="backend.tests.test_companies_router_migration.TestAdditionalCompanyEndpoints" name="test_domain_duplicates_endpoint" time="0.436" /><testcase classname="backend.tests.test_companies_router_migration.TestAdditionalCompanyEndpoints" name="test_similar_names_endpoint" time="0.234" /></testsuite></testsuites>