<?xml version="1.0" encoding="utf-8"?><testsuites name="pytest tests"><testsuite name="pytest" errors="0" failures="0" skipped="0" tests="20" time="27.234" timestamp="2026-01-30T01:09:07.131437+00:00" hostname="agent-env-aada1df8-3769-49e0-af7f-e88d11191961"><testcase classname="tests.test_content_pipeline.TestAuth" name="test_login_success" time="0.800" /><testcase classname="tests.test_content_pipeline.TestContentFlowIdeas" name="test_list_contents" time="0.578" /><testcase classname="tests.test_content_pipeline.TestContentFlowIdeas" name="test_create_idea" time="0.476" /><testcase classname="tests.test_content_pipeline.TestContentFlowIdeas" name="test_create_and_get_idea" time="0.713" /><testcase classname="tests.test_content_pipeline.TestContentFlowIdeas" name="test_delete_idea" time="0.702" /><testcase classname="tests.test_content_pipeline.TestContentFlowIdeas" name="test_move_idea_status" time="0.910" /><testcase classname="tests.test_content_pipeline.TestContentFlowIdeas" name="test_get_stages" time="0.395" /><testcase classname="tests.test_content_pipeline.TestAIContentTools" name="test_clean_dictation_spanish" time="1.295" /><testcase classname="tests.test_content_pipeline.TestAIContentTools" name="test_clean_dictation_english" time="0.945" /><testcase classname="tests.test_content_pipeline.TestAIContentTools" name="test_generate_slides" time="4.522" /><testcase classname="tests.test_content_pipeline.TestAIContentTools" name="test_generate_linkedin_post" time="1.453" /><testcase classname="tests.test_content_pipeline.TestAIContentTools" name="test_generate_blog_outline" time="10.758" /><testcase classname="tests.test_content_pipeline.TestBlogPosts" name="test_list_posts" time="0.451" /><testcase classname="tests.test_content_pipeline.TestBlogPosts" name="test_create_blog_post" time="0.484" /><testcase classname="tests.test_content_pipeline.TestBlogPosts" name="test_create_and_get_post" time="0.614" /><testcase classname="tests.test_content_pipeline.TestBlogPosts" name="test_delete_blog_post" time="0.689" /><testcase classname="tests.test_content_pipeline.TestIOSShortcutEndpoints" name="test_capture_from_shortcut" time="0.088" /><testcase classname="tests.test_content_pipeline.TestIOSShortcutEndpoints" name="test_get_recent_captures" time="0.078" /><testcase classname="tests.test_content_pipeline.TestCleanup" name="test_cleanup_test_ideas" time="0.687" /><testcase classname="tests.test_content_pipeline.TestCleanup" name="test_cleanup_test_posts" time="0.511" /></testsuite></testsuites>