<?xml version="1.0" encoding="utf-8"?><testsuites name="pytest tests"><testsuite name="pytest" errors="0" failures="0" skipped="0" tests="21" time="12.430" timestamp="2026-01-24T22:38:28.113342+00:00" hostname="agent-env-1c18c52e-0d5c-4bc0-9cb5-ac6d7c8e4bf9"><testcase classname="backend.tests.test_cotizador.TestCotizadorCatalogs" name="test_get_exchange_rate" time="0.308" /><testcase classname="backend.tests.test_cotizador.TestCotizadorCatalogs" name="test_get_benefits_catalog" time="0.039" /><testcase classname="backend.tests.test_cotizador.TestCotizadorCatalogs" name="test_get_thematic_axes" time="0.560" /><testcase classname="backend.tests.test_cotizador.TestCotizadorAuth" name="test_get_cierre_contacts" time="0.398" /><testcase classname="backend.tests.test_cotizador.TestCotizadorCalculate" name="test_calculate_single_person_special_price" time="0.519" /><testcase classname="backend.tests.test_cotizador.TestCotizadorCalculate" name="test_calculate_4_persons_includes_masterclass" time="0.519" /><testcase classname="backend.tests.test_cotizador.TestCotizadorCalculate" name="test_calculate_8_persons_includes_course" time="0.509" /><testcase classname="backend.tests.test_cotizador.TestCotizadorCalculate" name="test_calculate_with_discount" time="0.521" /><testcase classname="backend.tests.test_cotizador.TestCotizadorCalculate" name="test_calculate_with_additional_benefits" time="0.540" /><testcase classname="backend.tests.test_cotizador.TestCotizadorCalculate" name="test_calculate_mxn_currency" time="0.522" /><testcase classname="backend.tests.test_cotizador.TestCotizadorCalculate" name="test_calculate_iva_16_percent" time="0.514" /><testcase classname="backend.tests.test_cotizador.TestCotizadorQuotesCRUD" name="test_create_quote_and_verify" time="0.978" /><testcase classname="backend.tests.test_cotizador.TestCotizadorQuotesCRUD" name="test_list_quotes" time="0.430" /><testcase classname="backend.tests.test_cotizador.TestCotizadorQuotesCRUD" name="test_update_quote_status" time="1.215" /><testcase classname="backend.tests.test_cotizador.TestCotizadorQuotesCRUD" name="test_update_status_invalid" time="0.878" /><testcase classname="backend.tests.test_cotizador.TestCotizadorQuotesCRUD" name="test_generate_pdf" time="0.976" /><testcase classname="backend.tests.test_cotizador.TestCotizadorQuotesCRUD" name="test_delete_quote" time="0.914" /><testcase classname="backend.tests.test_cotizador.TestCotizadorQuotesCRUD" name="test_get_nonexistent_quote" time="0.454" /><testcase classname="backend.tests.test_cotizador.TestCotizadorPricing" name="test_direccion_price_3500" time="0.532" /><testcase classname="backend.tests.test_cotizador.TestCotizadorPricing" name="test_management_price_3000" time="0.505" /><testcase classname="backend.tests.test_cotizador.TestCotizadorPricing" name="test_operacion_price_2500" time="0.511" /></testsuite></testsuites>