<?xml version="1.0" encoding="utf-8"?><testsuites name="pytest tests"><testsuite name="pytest" errors="0" failures="0" skipped="0" tests="13" time="1.665" timestamp="2026-01-24T20:20:04.634050+00:00" hostname="agent-env-0e0bf6b6-8953-487c-89d7-f675d263a278"><testcase classname="backend.tests.test_csv_import.TestAuthentication" name="test_login_success" time="0.374" /><testcase classname="backend.tests.test_csv_import.TestAuthentication" name="test_login_invalid_credentials" time="0.043" /><testcase classname="backend.tests.test_csv_import.TestCSVImportEndpoint" name="test_import_single_contact" time="0.403" /><testcase classname="backend.tests.test_csv_import.TestCSVImportEndpoint" name="test_import_multiple_contacts" time="0.053" /><testcase classname="backend.tests.test_csv_import.TestCSVImportEndpoint" name="test_duplicate_detection" time="0.105" /><testcase classname="backend.tests.test_csv_import.TestCSVImportEndpoint" name="test_classification_marketing_director" time="0.052" /><testcase classname="backend.tests.test_csv_import.TestCSVImportEndpoint" name="test_classification_rrhh_manager" time="0.054" /><testcase classname="backend.tests.test_csv_import.TestCSVImportEndpoint" name="test_classification_commercial_director" time="0.086" /><testcase classname="backend.tests.test_csv_import.TestCSVImportEndpoint" name="test_import_without_classification" time="0.088" /><testcase classname="backend.tests.test_csv_import.TestCSVImportEndpoint" name="test_import_with_missing_optional_fields" time="0.059" /><testcase classname="backend.tests.test_csv_import.TestCSVImportEndpoint" name="test_import_requires_authentication" time="0.039" /><testcase classname="backend.tests.test_csv_import.TestContactsEndpoint" name="test_get_contacts" time="0.132" /><testcase classname="backend.tests.test_csv_import.TestContactsEndpoint" name="test_verify_imported_contacts_exist" time="0.109" /></testsuite></testsuites>