<?xml version="1.0" encoding="utf-8"?><testsuites name="pytest tests"><testsuite name="pytest" errors="0" failures="0" skipped="0" tests="13" time="28.754" timestamp="2026-02-18T18:21:19.330216+00:00" hostname="agent-env-142c0c9f-8252-4d45-966a-ca12277cef13"><testcase classname="backend.tests.test_current_cases_bugfixes.TestTrafficLightCurrentCasesStatus" name="test_traffic_light_has_current_cases_key" time="2.615" /><testcase classname="backend.tests.test_current_cases_bugfixes.TestTrafficLightCurrentCasesStatus" name="test_current_cases_status_not_gray" time="2.422" /><testcase classname="backend.tests.test_current_cases_bugfixes.TestTrafficLightCurrentCasesStatus" name="test_current_cases_has_required_fields" time="2.333" /><testcase classname="backend.tests.test_current_cases_bugfixes.TestTrafficLightCurrentCasesStatus" name="test_current_cases_status_logic" time="2.292" /><testcase classname="backend.tests.test_current_cases_bugfixes.TestGanadosCasesWeeklyStatus" name="test_ganados_endpoint_returns_200" time="1.738" /><testcase classname="backend.tests.test_current_cases_bugfixes.TestGanadosCasesWeeklyStatus" name="test_all_cases_have_weekly_status" time="1.770" /><testcase classname="backend.tests.test_current_cases_bugfixes.TestGanadosCasesWeeklyStatus" name="test_weekly_status_never_gray" time="1.991" /><testcase classname="backend.tests.test_current_cases_bugfixes.TestGanadosCasesWeeklyStatus" name="test_weekly_status_respects_rules" time="1.789" /><testcase classname="backend.tests.test_current_cases_bugfixes.TestRoleGroupingLogic" name="test_contacts_have_case_roles_field" time="1.818" /><testcase classname="backend.tests.test_current_cases_bugfixes.TestRoleGroupingLogic" name="test_deal_maker_role_recognized" time="1.695" /><testcase classname="backend.tests.test_current_cases_bugfixes.TestRoleGroupingLogic" name="test_role_grouping_consistency" time="1.731" /><testcase classname="backend.tests.test_current_cases_bugfixes.TestStep4ParentStatus" name="test_step4_includes_current_cases" time="2.508" /><testcase classname="backend.tests.test_current_cases_bugfixes.TestIntegration" name="test_traffic_light_and_ganados_status_consistency" time="3.970" /></testsuite></testsuites>