<?xml version="1.0" encoding="utf-8"?><testsuites name="pytest tests"><testsuite name="pytest" errors="0" failures="0" skipped="0" tests="20" time="16.566" timestamp="2026-01-31T13:33:21.970303+00:00" hostname="agent-env-9d9fb1d2-ac17-4ec5-89b6-028fb7674396"><testcase classname="backend.tests.test_dashboard_metrics_features.TestAuthentication" name="test_login_success" time="0.810" /><testcase classname="backend.tests.test_dashboard_metrics_features.TestContactsStatsEndpoint" name="test_stats_endpoint_returns_200" time="0.823" /><testcase classname="backend.tests.test_dashboard_metrics_features.TestContactsStatsEndpoint" name="test_stats_has_total" time="0.520" /><testcase classname="backend.tests.test_dashboard_metrics_features.TestContactsStatsEndpoint" name="test_stats_has_new_this_month" time="0.518" /><testcase classname="backend.tests.test_dashboard_metrics_features.TestContactsStatsEndpoint" name="test_stats_has_by_stage" time="0.519" /><testcase classname="backend.tests.test_dashboard_metrics_features.TestContactsStatsEndpoint" name="test_stats_has_by_persona" time="0.515" /><testcase classname="backend.tests.test_dashboard_metrics_features.TestContactsFilterByStageAndRole" name="test_filter_stage4_student_returns_200" time="0.731" /><testcase classname="backend.tests.test_dashboard_metrics_features.TestContactsFilterByStageAndRole" name="test_filter_stage4_student_returns_contacts" time="0.419" /><testcase classname="backend.tests.test_dashboard_metrics_features.TestContactsFilterByStageAndRole" name="test_filter_stage4_student_contacts_have_correct_stage" time="0.421" /><testcase classname="backend.tests.test_dashboard_metrics_features.TestContactsFilterByStageAndRole" name="test_filter_stage4_student_contacts_have_student_role" time="0.445" /><testcase classname="backend.tests.test_dashboard_metrics_features.TestMoveContactStage" name="test_move_stage_endpoint_exists" time="0.901" /><testcase classname="backend.tests.test_dashboard_metrics_features.TestMoveContactStage" name="test_move_stage_returns_success" time="0.492" /><testcase classname="backend.tests.test_dashboard_metrics_features.TestMoveContactStage" name="test_move_stage_invalid_stage_returns_400" time="0.081" /><testcase classname="backend.tests.test_dashboard_metrics_features.TestMoveContactStage" name="test_move_stage_nonexistent_contact_returns_404" time="0.127" /><testcase classname="backend.tests.test_dashboard_metrics_features.TestPreviewSlidesEndpoint" name="test_preview_slides_endpoint_exists" time="4.762" /><testcase classname="backend.tests.test_dashboard_metrics_features.TestPreviewSlidesEndpoint" name="test_preview_slides_with_valid_text" time="4.051" /><testcase classname="backend.tests.test_dashboard_metrics_features.TestPreviewSlidesEndpoint" name="test_preview_slides_short_text_returns_400" time="0.123" /><testcase classname="backend.tests.test_dashboard_metrics_features.TestPreviewSlidesEndpoint" name="test_preview_slides_nonexistent_item_returns_404" time="0.164" /><testcase classname="backend.tests.test_dashboard_metrics_features.TestFrontendCompilation" name="test_frontend_loads" time="0.038" /><testcase classname="backend.tests.test_dashboard_metrics_features.TestFrontendCompilation" name="test_frontend_has_react_app" time="0.037" /></testsuite></testsuites>