<?xml version="1.0" encoding="utf-8"?><testsuites name="pytest tests"><testsuite name="pytest" errors="0" failures="0" skipped="0" tests="37" time="69.774" timestamp="2026-02-18T17:13:20.398479+00:00" hostname="agent-env-eb757b6d-2cd7-4a53-a7c1-55cbf8134d16"><testcase classname="backend.tests.test_delivery_ganados.TestDeliveryGanados" name="test_ganados_requires_authentication" time="0.140" /><testcase classname="backend.tests.test_delivery_ganados.TestDeliveryGanados" name="test_ganados_returns_cases_list" time="1.742" /><testcase classname="backend.tests.test_delivery_ganados.TestDeliveryGanados" name="test_ganados_cases_have_required_fields" time="1.673" /><testcase classname="backend.tests.test_delivery_ganados.TestDeliveryGanados" name="test_ganados_cases_contacts_structure" time="1.674" /><testcase classname="backend.tests.test_delivery_ganados.TestDeliveryGanados" name="test_ganados_weekly_status_values" time="1.863" /><testcase classname="backend.tests.test_delivery_ganados.TestChecklistColumns" name="test_create_column_requires_authentication" time="0.198" /><testcase classname="backend.tests.test_delivery_ganados.TestChecklistColumns" name="test_create_column_success" time="2.158" /><testcase classname="backend.tests.test_delivery_ganados.TestChecklistColumns" name="test_create_column_validates_fields" time="2.013" /><testcase classname="backend.tests.test_delivery_ganados.TestChecklistColumns" name="test_create_column_persists_in_checklist" time="3.788" /><testcase classname="backend.tests.test_delivery_ganados.TestChecklistCell" name="test_update_cell_requires_authentication" time="0.133" /><testcase classname="backend.tests.test_delivery_ganados.TestChecklistCell" name="test_update_cell_check_success" time="2.064" /><testcase classname="backend.tests.test_delivery_ganados.TestChecklistCell" name="test_update_cell_uncheck_success" time="2.047" /><testcase classname="backend.tests.test_delivery_ganados.TestChecklistCell" name="test_update_cell_validates_required_fields" time="1.914" /><testcase classname="backend.tests.test_delivery_ganados.TestChecklistCell" name="test_update_cell_nonexistent_checklist" time="0.288" /><testcase classname="backend.tests.test_delivery_ganados.TestCaseStatus" name="test_update_status_requires_authentication" time="0.152" /><testcase classname="backend.tests.test_delivery_ganados.TestCaseStatus" name="test_update_status_to_concluidos" time="2.283" /><testcase classname="backend.tests.test_delivery_ganados.TestCaseStatus" name="test_update_status_validates_status_value" time="1.941" /><testcase classname="backend.tests.test_delivery_ganados.TestCaseStatus" name="test_update_status_nonexistent_case" time="0.693" /><testcase classname="backend.tests.test_delivery_ganados.TestGanadosCasesCount" name="test_ganados_cases_exist" time="1.745" /><testcase classname="backend.tests.test_delivery_ganados.TestChecklistIntegration" name="test_full_checklist_workflow" time="4.359" /><testcase classname="backend.tests.test_delivery_ganados_v2.TestCaseRolesField" name="test_contacts_have_case_roles_field" time="1.712" /><testcase classname="backend.tests.test_delivery_ganados_v2.TestCaseRolesField" name="test_case_roles_vs_global_roles" time="1.752" /><testcase classname="backend.tests.test_delivery_ganados_v2.TestEditColumnEndpoint" name="test_edit_column_requires_authentication" time="0.150" /><testcase classname="backend.tests.test_delivery_ganados_v2.TestEditColumnEndpoint" name="test_edit_column_title_success" time="2.038" /><testcase classname="backend.tests.test_delivery_ganados_v2.TestEditColumnEndpoint" name="test_edit_column_due_date_success" time="2.137" /><testcase classname="backend.tests.test_delivery_ganados_v2.TestEditColumnEndpoint" name="test_edit_column_order_success" time="2.160" /><testcase classname="backend.tests.test_delivery_ganados_v2.TestEditColumnEndpoint" name="test_edit_column_nonexistent_returns_404" time="2.089" /><testcase classname="backend.tests.test_delivery_ganados_v2.TestEditColumnEndpoint" name="test_edit_column_nonexistent_group_returns_404" time="2.034" /><testcase classname="backend.tests.test_delivery_ganados_v2.TestDeleteColumnEndpoint" name="test_delete_column_requires_authentication" time="0.146" /><testcase classname="backend.tests.test_delivery_ganados_v2.TestDeleteColumnEndpoint" name="test_delete_column_success" time="2.489" /><testcase classname="backend.tests.test_delivery_ganados_v2.TestDeleteColumnEndpoint" name="test_delete_column_is_soft_delete" time="4.211" /><testcase classname="backend.tests.test_delivery_ganados_v2.TestDeleteColumnEndpoint" name="test_delete_column_nonexistent_returns_404" time="2.460" /><testcase classname="backend.tests.test_delivery_ganados_v2.TestNoAutoColumnCreation" name="test_no_auto_columns_on_get" time="1.694" /><testcase classname="backend.tests.test_delivery_ganados_v2.TestGlobalIndicator" name="test_cases_are_all_ganados" time="1.685" /><testcase classname="backend.tests.test_delivery_ganados_v2.TestGlobalIndicator" name="test_weekly_status_values_no_gray" time="1.720" /><testcase classname="backend.tests.test_delivery_ganados_v2.TestColumnCellsForCorrectGroup" name="test_column_cells_only_for_group_contacts" time="3.707" /><testcase classname="backend.tests.test_delivery_ganados_v2.TestFullWorkflow" name="test_full_workflow_create_edit_delete_column" time="4.624" /></testsuite></testsuites>