<?xml version="1.0" encoding="utf-8"?><testsuites name="pytest tests"><testsuite name="pytest" errors="0" failures="0" skipped="0" tests="20" time="24.233" timestamp="2026-02-18T16:32:36.131763+00:00" hostname="agent-env-eb757b6d-2cd7-4a53-a7c1-55cbf8134d16"><testcase classname="backend.tests.test_delivery_ganados.TestDeliveryGanados" name="test_ganados_requires_authentication" time="0.187" /><testcase classname="backend.tests.test_delivery_ganados.TestDeliveryGanados" name="test_ganados_returns_cases_list" time="1.346" /><testcase classname="backend.tests.test_delivery_ganados.TestDeliveryGanados" name="test_ganados_cases_have_required_fields" time="1.263" /><testcase classname="backend.tests.test_delivery_ganados.TestDeliveryGanados" name="test_ganados_cases_contacts_structure" time="1.267" /><testcase classname="backend.tests.test_delivery_ganados.TestDeliveryGanados" name="test_ganados_weekly_status_values" time="1.202" /><testcase classname="backend.tests.test_delivery_ganados.TestChecklistColumns" name="test_create_column_requires_authentication" time="0.146" /><testcase classname="backend.tests.test_delivery_ganados.TestChecklistColumns" name="test_create_column_success" time="1.498" /><testcase classname="backend.tests.test_delivery_ganados.TestChecklistColumns" name="test_create_column_validates_fields" time="1.491" /><testcase classname="backend.tests.test_delivery_ganados.TestChecklistColumns" name="test_create_column_persists_in_checklist" time="2.773" /><testcase classname="backend.tests.test_delivery_ganados.TestChecklistCell" name="test_update_cell_requires_authentication" time="0.140" /><testcase classname="backend.tests.test_delivery_ganados.TestChecklistCell" name="test_update_cell_check_success" time="1.748" /><testcase classname="backend.tests.test_delivery_ganados.TestChecklistCell" name="test_update_cell_uncheck_success" time="1.458" /><testcase classname="backend.tests.test_delivery_ganados.TestChecklistCell" name="test_update_cell_validates_required_fields" time="1.345" /><testcase classname="backend.tests.test_delivery_ganados.TestChecklistCell" name="test_update_cell_nonexistent_checklist" time="0.239" /><testcase classname="backend.tests.test_delivery_ganados.TestCaseStatus" name="test_update_status_requires_authentication" time="0.116" /><testcase classname="backend.tests.test_delivery_ganados.TestCaseStatus" name="test_update_status_to_concluidos" time="1.794" /><testcase classname="backend.tests.test_delivery_ganados.TestCaseStatus" name="test_update_status_validates_status_value" time="1.327" /><testcase classname="backend.tests.test_delivery_ganados.TestCaseStatus" name="test_update_status_nonexistent_case" time="0.284" /><testcase classname="backend.tests.test_delivery_ganados.TestGanadosCasesCount" name="test_ganados_cases_exist" time="1.305" /><testcase classname="backend.tests.test_delivery_ganados.TestChecklistIntegration" name="test_full_checklist_workflow" time="3.227" /></testsuite></testsuites>