<?xml version="1.0" encoding="utf-8"?><testsuites name="pytest tests"><testsuite name="pytest" errors="0" failures="0" skipped="0" tests="10" time="45.033" timestamp="2026-02-20T02:29:01.928666+00:00" hostname="agent-env-e23734a0-3326-4262-a9ad-7eae3be947d6"><testcase classname="backend.tests.test_deprecated_hubspot_endpoints.TestDeprecatedEndpointsInOpenAPISpec" name="test_openapi_json_accessible" time="32.329" /><testcase classname="backend.tests.test_deprecated_hubspot_endpoints.TestDeprecatedEndpointsInOpenAPISpec" name="test_hubspot_contacts_marked_deprecated" time="0.016" /><testcase classname="backend.tests.test_deprecated_hubspot_endpoints.TestDeprecatedEndpointsInOpenAPISpec" name="test_hubspot_sync_marked_deprecated" time="0.016" /><testcase classname="backend.tests.test_deprecated_hubspot_endpoints.TestDeprecatedEndpointsInOpenAPISpec" name="test_hubspot_companies_marked_deprecated" time="0.017" /><testcase classname="backend.tests.test_deprecated_hubspot_endpoints.TestDeprecatedEndpointsBackwardCompatibility" name="test_hubspot_contacts_still_works" time="1.162" /><testcase classname="backend.tests.test_deprecated_hubspot_endpoints.TestDeprecatedEndpointsBackwardCompatibility" name="test_hubspot_companies_still_works" time="0.344" /><testcase classname="backend.tests.test_deprecated_hubspot_endpoints.TestDeprecatedEndpointsBackwardCompatibility" name="test_hubspot_sync_returns_success" time="10.056" /><testcase classname="backend.tests.test_deprecated_hubspot_endpoints.TestNewEndpointsWorking" name="test_unified_contacts_endpoint" time="0.608" /><testcase classname="backend.tests.test_deprecated_hubspot_endpoints.TestNewEndpointsWorking" name="test_unified_companies_endpoint" time="0.404" /><testcase classname="backend.tests.test_deprecated_hubspot_endpoints.TestDeprecatedMigrateFromHubSpot" name="test_migrate_endpoint_marked_deprecated" time="0.017" /></testsuite></testsuites>