<?xml version="1.0" encoding="utf-8"?><testsuites name="pytest tests"><testsuite name="pytest" errors="0" failures="0" skipped="0" tests="16" time="9.078" timestamp="2026-02-11T02:13:52.997999+00:00" hostname="agent-env-32616263-98da-4098-a2fc-0820fe71e042"><testcase classname="backend.tests.test_external_lms.TestExternalLMSAuthentication" name="test_my_courses_requires_auth" time="0.062" /><testcase classname="backend.tests.test_external_lms.TestExternalLMSAuthentication" name="test_course_detail_requires_auth" time="0.041" /><testcase classname="backend.tests.test_external_lms.TestExternalLMSAuthentication" name="test_progress_requires_auth" time="0.046" /><testcase classname="backend.tests.test_external_lms.TestExternalLMSAuthentication" name="test_complete_lesson_requires_auth" time="0.086" /><testcase classname="backend.tests.test_external_lms.TestExternalUserWithCourses" name="test_get_my_courses_empty" time="1.461" /><testcase classname="backend.tests.test_external_lms.TestExternalUserWithCourses" name="test_get_course_detail_not_enrolled" time="0.766" /><testcase classname="backend.tests.test_external_lms.TestExternalUserWithCourses" name="test_get_progress_for_course" time="0.368" /><testcase classname="backend.tests.test_external_lms.TestExternalLMSWithEnrollment" name="test_get_my_courses_with_enrollment" time="1.782" /><testcase classname="backend.tests.test_external_lms.TestExternalLMSWithEnrollment" name="test_get_course_detail_when_enrolled" time="0.283" /><testcase classname="backend.tests.test_external_lms.TestExternalLMSWithEnrollment" name="test_get_progress_initial" time="0.333" /><testcase classname="backend.tests.test_external_lms.TestExternalLMSWithEnrollment" name="test_mark_lesson_complete" time="0.623" /><testcase classname="backend.tests.test_external_lms.TestExternalLMSWithEnrollment" name="test_mark_same_lesson_complete_twice" time="1.046" /><testcase classname="backend.tests.test_external_lms.TestPublicLMSEndpoints" name="test_get_public_courses" time="0.579" /><testcase classname="backend.tests.test_external_lms.TestPublicLMSEndpoints" name="test_get_public_course_detail" time="0.712" /><testcase classname="backend.tests.test_external_lms.TestLMSEnrollmentEndpoints" name="test_enroll_contact_in_course" time="0.427" /><testcase classname="backend.tests.test_external_lms.TestLMSEnrollmentEndpoints" name="test_unenroll_contact_from_course" time="0.400" /></testsuite></testsuites>