<?xml version="1.0" encoding="utf-8"?><testsuites name="pytest tests"><testsuite name="pytest" errors="0" failures="0" skipped="0" tests="9" time="2.596" timestamp="2026-01-29T23:43:57.228148+00:00" hostname="agent-env-8c991390-bf49-43f7-ab53-54cec5a79453"><testcase classname="backend.tests.test_fase3_features.TestAPIHealth" name="test_api_root" time="0.075" /><testcase classname="backend.tests.test_fase3_features.TestAuthentication" name="test_login_success" time="0.821" /><testcase classname="backend.tests.test_fase3_features.TestAuthentication" name="test_login_invalid_credentials" time="0.078" /><testcase classname="backend.tests.test_fase3_features.TestConveniosEndpoint" name="test_convenios_companies_returns_500" time="0.764" /><testcase classname="backend.tests.test_fase3_features.TestConveniosEndpoint" name="test_convenios_companies_structure" time="0.298" /><testcase classname="backend.tests.test_fase3_features.TestConveniosEndpoint" name="test_convenios_stats" time="0.215" /><testcase classname="backend.tests.test_fase3_features.TestSmallBusinessEndpoint" name="test_small_business_list_empty" time="0.123" /><testcase classname="backend.tests.test_fase3_features.TestSmallBusinessEndpoint" name="test_delete_all_small_businesses_idempotent" time="0.123" /><testcase classname="backend.tests.test_fase3_features.TestSidebarModulesRemoved" name="test_nurturing_structure" time="0.035" /></testsuite></testsuites>