<?xml version="1.0" encoding="utf-8"?><testsuites name="pytest tests"><testsuite name="pytest" errors="0" failures="0" skipped="3" tests="10" time="8.104" timestamp="2026-02-20T03:51:49.029346+00:00" hostname="agent-env-a6555dba-0055-419e-a450-d113ce578995"><testcase classname="tests.test_industry_merge.TestIndustryMergeEndpoint" name="test_list_industries" time="1.524" /><testcase classname="tests.test_industry_merge.TestIndustryMergeEndpoint" name="test_merge_preview_endpoint" time="0.386"><skipped type="pytest.skip" message="Not enough industries to test merge preview">/app/backend/tests/test_industry_merge.py:115: Not enough industries to test merge preview</skipped></testcase><testcase classname="tests.test_industry_merge.TestIndustryMergeEndpoint" name="test_merge_preview_with_multiple_industries" time="0.453"><skipped type="pytest.skip" message="Not enough industries to test multi-merge preview">/app/backend/tests/test_industry_merge.py:144: Not enough industries to test multi-merge preview</skipped></testcase><testcase classname="tests.test_industry_merge.TestIndustryMergeEndpoint" name="test_merge_industries_validation_no_industries" time="0.556" /><testcase classname="tests.test_industry_merge.TestIndustryMergeEndpoint" name="test_merge_industries_validation_primary_in_list" time="0.367"><skipped type="pytest.skip" message="Not enough industries">/app/backend/tests/test_industry_merge.py:192: Not enough industries</skipped></testcase><testcase classname="tests.test_industry_merge.TestIndustryMergeEndpoint" name="test_merge_industries_not_found" time="0.356" /><testcase classname="tests.test_industry_merge.TestIndustryMergeIntegration" name="test_create_test_industries_and_merge" time="2.665" /><testcase classname="tests.test_industry_merge.TestMergePreviewValidation" name="test_preview_missing_primary_id" time="0.255" /><testcase classname="tests.test_industry_merge.TestMergePreviewValidation" name="test_preview_missing_secondary_ids" time="0.243" /><testcase classname="tests.test_industry_merge.TestMergePreviewValidation" name="test_preview_nonexistent_primary" time="1.236" /></testsuite></testsuites>