<?xml version="1.0" encoding="utf-8"?><testsuites name="pytest tests"><testsuite name="pytest" errors="0" failures="1" skipped="0" tests="21" time="1.141" timestamp="2026-02-06T00:19:21.294097+00:00" hostname="agent-env-3d97b611-9447-4f0a-a827-29d50782667a"><testcase classname="backend.tests.test_invite_to_events.TestInviteToEventsEndpoints" name="test_events_for_invitations_requires_auth" time="0.080" /><testcase classname="backend.tests.test_invite_to_events.TestInviteToEventsEndpoints" name="test_event_company_invitations_requires_auth" time="0.046" /><testcase classname="backend.tests.test_invite_to_events.TestInviteToEventsEndpoints" name="test_mark_companies_invited_requires_auth" time="0.050" /><testcase classname="backend.tests.test_invite_to_events.TestInviteToEventsEndpoints" name="test_unmark_company_invited_requires_auth" time="0.049" /><testcase classname="backend.tests.test_invite_to_events.TestImportRegistrantsEndpoints" name="test_events_pending_import_requires_auth" time="0.045" /><testcase classname="backend.tests.test_invite_to_events.TestImportRegistrantsEndpoints" name="test_mark_event_imported_requires_auth" time="0.040" /><testcase classname="backend.tests.test_invite_to_events.TestImportRegistrantsEndpoints" name="test_contact_imports_upload_requires_auth" time="0.056" /><testcase classname="backend.tests.test_invite_to_events.TestImportRegistrantsEndpoints" name="test_contact_imports_validate_requires_auth" time="0.049" /><testcase classname="backend.tests.test_invite_to_events.TestCompanyMigrationEndpoints" name="test_check_numeric_names_requires_auth" time="0.049" /><testcase classname="backend.tests.test_invite_to_events.TestCompanyMigrationEndpoints" name="test_fix_numeric_names_requires_auth" time="0.042" /><testcase classname="backend.tests.test_invite_to_events.TestCompanyMigrationEndpoints" name="test_manual_name_fix_requires_auth" time="0.041" /><testcase classname="backend.tests.test_invite_to_events.TestProspectionEndpoints" name="test_active_companies_requires_auth" time="0.053" /><testcase classname="backend.tests.test_invite_to_events.TestProspectionEndpoints" name="test_companies_merge_requires_auth" time="0.045" /><testcase classname="backend.tests.test_invite_to_events.TestProspectionEndpoints" name="test_queue_gb_requires_auth" time="0.046" /><testcase classname="backend.tests.test_invite_to_events.TestProspectionEndpoints" name="test_queue_mg_requires_auth" time="0.043" /><testcase classname="backend.tests.test_invite_to_events.TestTodaysFocusExistingEndpoints" name="test_cases_without_dealmaker_requires_auth" time="0.046" /><testcase classname="backend.tests.test_invite_to_events.TestTodaysFocusExistingEndpoints" name="test_contacts_without_roles_requires_auth" time="0.041" /><testcase classname="backend.tests.test_invite_to_events.TestTodaysFocusExistingEndpoints" name="test_available_roles_requires_auth" time="0.042" /><testcase classname="backend.tests.test_invite_to_events.TestTodaysFocusExistingEndpoints" name="test_cases_solicited_requires_auth" time="0.083" /><testcase classname="backend.tests.test_invite_to_events.TestHealthAndBasicEndpoints" name="test_health_endpoint" time="0.053"><failure message="AssertionError: Expected 200, got 404&#10;assert 404 == 200&#10; +  where 404 = &lt;Response [404]&gt;.status_code">backend/tests/test_invite_to_events.py:146: in test_health_endpoint
    assert response.status_code == 200, f"Expected 200, got {response.status_code}"
E   AssertionError: Expected 200, got 404
E   assert 404 == 200
E    +  where 404 = &lt;Response [404]&gt;.status_code</failure></testcase><testcase classname="backend.tests.test_invite_to_events.TestHealthAndBasicEndpoints" name="test_root_endpoint" time="0.044" /></testsuite></testsuites>