<?xml version="1.0" encoding="utf-8"?><testsuites name="pytest tests"><testsuite name="pytest" errors="0" failures="0" skipped="0" tests="14" time="7.438" timestamp="2026-01-31T18:15:39.658182+00:00" hostname="agent-env-eb8e1ed2-96c0-4d2f-a01d-56b6b8facb1b"><testcase classname="backend.tests.test_new_features_iteration39.TestCompanyCreation" name="test_create_new_company" time="0.985" /><testcase classname="backend.tests.test_new_features_iteration39.TestCompanyCreation" name="test_existing_company_returns_existing" time="0.305" /><testcase classname="backend.tests.test_new_features_iteration39.TestCompanyCreation" name="test_create_company_case_insensitive" time="0.305" /><testcase classname="backend.tests.test_new_features_iteration39.TestDuplicateDetection" name="test_search_contacts_by_email" time="0.768" /><testcase classname="backend.tests.test_new_features_iteration39.TestDuplicateDetection" name="test_search_contacts_by_phone" time="0.500" /><testcase classname="backend.tests.test_new_features_iteration39.TestContactsExportFields" name="test_contacts_have_location_field" time="0.749" /><testcase classname="backend.tests.test_new_features_iteration39.TestContactsExportFields" name="test_contacts_have_country_field" time="0.424" /><testcase classname="backend.tests.test_new_features_iteration39.TestContactsExportFields" name="test_contacts_have_multiple_emails" time="0.478" /><testcase classname="backend.tests.test_new_features_iteration39.TestContactsExportFields" name="test_contacts_have_multiple_phones" time="0.439" /><testcase classname="backend.tests.test_new_features_iteration39.TestContactsExportFields" name="test_contacts_have_roles" time="0.430" /><testcase classname="backend.tests.test_new_features_iteration39.TestRelatedTabSearch" name="test_search_contacts_for_relationships" time="0.777" /><testcase classname="backend.tests.test_new_features_iteration39.TestRelatedTabSearch" name="test_get_contact_relationships" time="0.558" /><testcase classname="backend.tests.test_new_features_iteration39.TestCompaniesListEndpoint" name="test_list_companies" time="0.474" /><testcase classname="backend.tests.test_new_features_iteration39.TestCompaniesListEndpoint" name="test_search_companies" time="0.178" /></testsuite></testsuites>