<?xml version="1.0" encoding="utf-8"?><testsuites name="pytest tests"><testsuite name="pytest" errors="0" failures="0" skipped="0" tests="16" time="77.172" timestamp="2026-01-26T13:30:31.448208+00:00" hostname="agent-env-0cf1f0ca-88ad-4ed0-bc4d-f24908daea24"><testcase classname="tests.test_job_keywords.TestJobKeywordsAPI" name="test_get_all_keywords" time="0.430" /><testcase classname="tests.test_job_keywords.TestJobKeywordsAPI" name="test_get_keywords_filter_by_persona" time="0.499" /><testcase classname="tests.test_job_keywords.TestJobKeywordsAPI" name="test_create_single_keyword" time="0.551" /><testcase classname="tests.test_job_keywords.TestJobKeywordsAPI" name="test_create_keyword_duplicate_fails" time="0.680" /><testcase classname="tests.test_job_keywords.TestJobKeywordsAPI" name="test_create_keyword_empty_fails" time="0.354" /><testcase classname="tests.test_job_keywords.TestJobKeywordsAPI" name="test_bulk_create_keywords" time="1.101" /><testcase classname="tests.test_job_keywords.TestJobKeywordsAPI" name="test_bulk_create_with_duplicates" time="1.045" /><testcase classname="tests.test_job_keywords.TestJobKeywordsAPI" name="test_delete_keyword" time="0.642" /><testcase classname="tests.test_job_keywords.TestJobKeywordsAPI" name="test_delete_nonexistent_keyword" time="0.419" /><testcase classname="tests.test_job_keywords.TestBuyerPersonaPriorities" name="test_get_priorities" time="0.440" /><testcase classname="tests.test_job_keywords.TestBuyerPersonaPriorities" name="test_update_priorities" time="1.465" /><testcase classname="tests.test_job_keywords.TestContactClassification" name="test_classify_contact_with_match" time="0.437" /><testcase classname="tests.test_job_keywords.TestContactClassification" name="test_classify_contact_no_match" time="0.443" /><testcase classname="tests.test_job_keywords.TestContactClassification" name="test_classify_contact_empty_title" time="0.347" /><testcase classname="tests.test_job_keywords.TestContactClassification" name="test_reclassify_all_contacts" time="67.818" /><testcase classname="tests.test_job_keywords.TestBuyerPersonasDB" name="test_get_buyer_personas_db" time="0.448" /></testsuite></testsuites>