<?xml version="1.0" encoding="utf-8"?><testsuites name="pytest tests"><testsuite name="pytest" errors="0" failures="0" skipped="0" tests="15" time="21.274" timestamp="2026-01-30T03:01:39.087495+00:00" hostname="agent-env-aada1df8-3769-49e0-af7f-e88d11191961"><testcase classname="backend.tests.test_linkedin_tab_refactor.TestLinkedInByKeywordRefactor" name="test_returns_persona_groups_structure" time="2.178" /><testcase classname="backend.tests.test_linkedin_tab_refactor.TestLinkedInByKeywordRefactor" name="test_returns_total_counts" time="1.421" /><testcase classname="backend.tests.test_linkedin_tab_refactor.TestLinkedInByKeywordRefactor" name="test_persona_group_structure" time="1.470" /><testcase classname="backend.tests.test_linkedin_tab_refactor.TestLinkedInByKeywordRefactor" name="test_contact_structure_in_keyword_group" time="1.442" /><testcase classname="backend.tests.test_linkedin_tab_refactor.TestLinkedInByKeywordRefactor" name="test_importados_keyword_for_imported_contacts" time="1.258" /><testcase classname="backend.tests.test_linkedin_tab_refactor.TestLinkedInByKeywordRefactor" name="test_all_contacts_included" time="1.410" /><testcase classname="backend.tests.test_linkedin_tab_refactor.TestLinkedInByKeywordRefactor" name="test_personas_sorted_by_contact_count" time="1.313" /><testcase classname="backend.tests.test_linkedin_tab_refactor.TestLinkedInByKeywordRefactor" name="test_keywords_sorted_by_contact_count_within_persona" time="1.512" /><testcase classname="backend.tests.test_linkedin_tab_refactor.TestContactLinkedInUpdate" name="test_update_contact_linkedin_url_endpoint_exists" time="0.433" /><testcase classname="backend.tests.test_linkedin_tab_refactor.TestContactLinkedInUpdate" name="test_update_real_contact_linkedin_url" time="2.017" /><testcase classname="backend.tests.test_linkedin_tab_refactor.TestLinkedInTabRequirements" name="test_requirement_1_show_all_contacts" time="1.350" /><testcase classname="backend.tests.test_linkedin_tab_refactor.TestLinkedInTabRequirements" name="test_requirement_2_group_by_persona_then_keyword" time="1.382" /><testcase classname="backend.tests.test_linkedin_tab_refactor.TestLinkedInTabRequirements" name="test_requirement_3_importados_for_import_manual_hubspot" time="1.312" /><testcase classname="backend.tests.test_linkedin_tab_refactor.TestLinkedInTabRequirements" name="test_requirement_4_contacts_have_has_linkedin_flag" time="1.358" /><testcase classname="backend.tests.test_linkedin_tab_refactor.TestLinkedInTabRequirements" name="test_requirement_5_contacts_without_linkedin_flagged" time="1.331" /></testsuite></testsuites>