<?xml version="1.0" encoding="utf-8"?><testsuites name="pytest tests"><testsuite name="pytest" errors="0" failures="0" skipped="0" tests="25" time="22.544" timestamp="2026-02-20T19:09:39.027955+00:00" hostname="agent-env-8d5a29db-aebe-493e-ab89-d11258b0be1f"><testcase classname="backend.tests.test_linkedin_import_connections.TestLinkedInImportStatus" name="test_status_requires_auth" time="0.384" /><testcase classname="backend.tests.test_linkedin_import_connections.TestLinkedInImportStatus" name="test_status_returns_both_profiles" time="0.478" /><testcase classname="backend.tests.test_linkedin_import_connections.TestLinkedInRequestExport" name="test_request_export_requires_auth" time="0.207" /><testcase classname="backend.tests.test_linkedin_import_connections.TestLinkedInRequestExport" name="test_request_export_invalid_profile" time="0.216" /><testcase classname="backend.tests.test_linkedin_import_connections.TestLinkedInRequestExport" name="test_request_export_gb_success" time="0.191" /><testcase classname="backend.tests.test_linkedin_import_connections.TestLinkedInRequestExport" name="test_request_export_mg_success" time="0.191" /><testcase classname="backend.tests.test_linkedin_import_connections.TestLinkedInUpload" name="test_upload_requires_auth" time="0.112" /><testcase classname="backend.tests.test_linkedin_import_connections.TestLinkedInUpload" name="test_upload_rejects_non_csv" time="0.586" /><testcase classname="backend.tests.test_linkedin_import_connections.TestLinkedInUpload" name="test_upload_rejects_invalid_profile" time="0.191" /><testcase classname="backend.tests.test_linkedin_import_connections.TestLinkedInUpload" name="test_upload_success" time="0.250" /><testcase classname="backend.tests.test_linkedin_import_connections.TestLinkedInPreview" name="test_preview_not_found" time="0.287" /><testcase classname="backend.tests.test_linkedin_import_connections.TestLinkedInPreview" name="test_preview_success" time="0.504" /><testcase classname="backend.tests.test_linkedin_import_connections.TestLinkedInStartImport" name="test_start_not_found" time="0.297" /><testcase classname="backend.tests.test_linkedin_import_connections.TestLinkedInStartImport" name="test_start_import_success" time="0.864" /><testcase classname="backend.tests.test_linkedin_import_connections.TestLinkedInProgress" name="test_progress_not_found" time="0.563" /><testcase classname="backend.tests.test_linkedin_import_connections.TestLinkedInProgress" name="test_progress_after_start" time="3.116" /><testcase classname="backend.tests.test_linkedin_import_connections.TestLinkedInConflicts" name="test_conflicts_not_found" time="0.265" /><testcase classname="backend.tests.test_linkedin_import_connections.TestLinkedInConflicts" name="test_conflicts_structure" time="0.567" /><testcase classname="backend.tests.test_linkedin_import_connections.TestLinkedInJobs" name="test_jobs_requires_auth" time="0.139" /><testcase classname="backend.tests.test_linkedin_import_connections.TestLinkedInJobs" name="test_jobs_list" time="0.323" /><testcase classname="backend.tests.test_linkedin_import_connections.TestLinkedInJobs" name="test_jobs_filter_by_profile" time="0.509" /><testcase classname="backend.tests.test_linkedin_import_connections.TestTrafficLightSemaphore" name="test_traffic_light_status_endpoint" time="2.249" /><testcase classname="backend.tests.test_linkedin_import_connections.TestTrafficLightSemaphore" name="test_semaphore_logic_initial_state" time="2.489" /><testcase classname="backend.tests.test_linkedin_import_connections.TestFullImportWorkflow" name="test_complete_import_workflow" time="3.821" /><testcase classname="backend.tests.test_linkedin_import_connections.TestDeduplicationLogic" name="test_email_deduplication" time="3.635" /></testsuite></testsuites>