<?xml version="1.0" encoding="utf-8"?><testsuites name="pytest tests"><testsuite name="pytest" errors="0" failures="0" skipped="0" tests="15" time="109.113" timestamp="2026-02-20T19:34:05.182241+00:00" hostname="agent-env-8d5a29db-aebe-493e-ab89-d11258b0be1f"><testcase classname="backend.tests.test_linkedin_import_v2_worker.TestV2WorkerIntegration" name="test_start_queues_job_for_worker" time="1.077" /><testcase classname="backend.tests.test_linkedin_import_v2_worker.TestV2WorkerIntegration" name="test_worker_picks_up_and_processes_job" time="18.277" /><testcase classname="backend.tests.test_linkedin_import_v2_worker.TestBulkWriteOperations" name="test_bulk_operations_multiple_contacts" time="11.881" /><testcase classname="backend.tests.test_linkedin_import_v2_worker.TestDeduplication" name="test_deduplication_by_email" time="17.346" /><testcase classname="backend.tests.test_linkedin_import_v2_worker.TestDeduplication" name="test_deduplication_by_linkedin_url" time="10.698" /><testcase classname="backend.tests.test_linkedin_import_v2_worker.TestConflictDetection" name="test_conflict_email_url_mismatch" time="19.514" /><testcase classname="backend.tests.test_linkedin_import_v2_worker.TestProgressWithHeartbeat" name="test_progress_returns_heartbeat_data" time="0.636" /><testcase classname="backend.tests.test_linkedin_import_v2_worker.TestProfileLock" name="test_profile_lock_prevents_concurrent_imports" time="0.966" /><testcase classname="backend.tests.test_linkedin_import_v2_worker.TestBuyerPersonaClassification" name="test_buyer_persona_classification_runs" time="20.360" /><testcase classname="backend.tests.test_linkedin_import_v2_worker.TestOrphanJobRecovery" name="test_orphan_job_recovery_logic" time="0.287" /><testcase classname="backend.tests.test_linkedin_import_v2_worker.TestEndpointValidations" name="test_upload_rejects_empty_csv" time="0.353" /><testcase classname="backend.tests.test_linkedin_import_v2_worker.TestEndpointValidations" name="test_start_requires_valid_mapping" time="0.472" /><testcase classname="backend.tests.test_linkedin_import_v2_worker.TestEndpointValidations" name="test_progress_returns_404_for_invalid_job" time="0.187" /><testcase classname="backend.tests.test_linkedin_import_v2_worker.TestEndpointValidations" name="test_conflicts_returns_404_for_invalid_job" time="0.209" /><testcase classname="backend.tests.test_linkedin_import_v2_worker.TestV2WorkerStatus" name="test_worker_is_running" time="6.780" /></testsuite></testsuites>