<?xml version="1.0" encoding="utf-8"?><testsuites name="pytest tests"><testsuite name="pytest" errors="0" failures="0" skipped="0" tests="12" time="288.592" timestamp="2026-02-12T00:36:18.303420+00:00" hostname="agent-env-0bb66086-4028-449a-a6e3-cdffbcaa31d3"><testcase classname="tests.test_linkedin_importer.TestLinkedInImporterEndpoints" name="test_list_batches_requires_auth" time="0.070" /><testcase classname="tests.test_linkedin_importer.TestLinkedInImporterEndpoints" name="test_list_batches_success" time="0.301" /><testcase classname="tests.test_linkedin_importer.TestLinkedInImporterEndpoints" name="test_upload_csv_requires_auth" time="0.034" /><testcase classname="tests.test_linkedin_importer.TestLinkedInImporterEndpoints" name="test_upload_csv_success" time="0.188" /><testcase classname="tests.test_linkedin_importer.TestLinkedInImporterEndpoints" name="test_upload_rejects_non_csv" time="0.122" /><testcase classname="tests.test_linkedin_importer.TestLinkedInImporterEndpoints" name="test_map_columns" time="0.467" /><testcase classname="tests.test_linkedin_importer.TestLinkedInImporterEndpoints" name="test_validate_import" time="56.957" /><testcase classname="tests.test_linkedin_importer.TestLinkedInImporterEndpoints" name="test_run_import" time="57.501" /><testcase classname="tests.test_linkedin_importer.TestLinkedInImporterEndpoints" name="test_get_batch_status" time="0.378" /><testcase classname="tests.test_linkedin_importer.TestLinkedInImporterEndpoints" name="test_validate_requires_mapping" time="0.379" /><testcase classname="tests.test_linkedin_importer.TestLinkedInImporterEndpoints" name="test_duplicate_policy_create_only" time="115.001" /><testcase classname="tests.test_linkedin_importer.TestLinkedInImporterEndpoints" name="test_country_field_support" time="57.117" /></testsuite></testsuites>