<?xml version="1.0" encoding="utf-8"?><testsuites name="pytest tests"><testsuite name="pytest" errors="0" failures="0" skipped="0" tests="7" time="12.772" timestamp="2026-02-20T16:24:04.091122+00:00" hostname="agent-env-227b4101-eda0-4b47-bd28-5192ed3f26d9"><testcase classname="tests.test_login_performance_cache.TestTrafficLightPerformance" name="test_traffic_light_status_responds_quickly" time="2.238" /><testcase classname="tests.test_login_performance_cache.TestTrafficLightPerformance" name="test_traffic_light_consistent_performance" time="5.711" /><testcase classname="tests.test_login_performance_cache.TestTrafficLightPerformance" name="test_merge_companies_semaphore_not_gray" time="1.811" /><testcase classname="tests.test_login_performance_cache.TestCacheStatus" name="test_cache_status_shows_cache_exists" time="1.064" /><testcase classname="tests.test_login_performance_cache.TestSimilarNamesFromCache" name="test_similar_names_returns_from_cache" time="0.479" /><testcase classname="tests.test_login_performance_cache.TestMergeCandidatesSemaphore" name="test_semaphore_endpoint" time="0.368" /><testcase classname="tests.test_login_performance_cache.TestDomainDuplicatesCached" name="test_domain_duplicates_fast" time="0.962" /></testsuite></testsuites>