<?xml version="1.0" encoding="utf-8"?><testsuites name="pytest tests"><testsuite name="pytest" errors="0" failures="0" skipped="0" tests="31" time="82.881" timestamp="2026-01-28T20:12:46.507264+00:00" hostname="agent-env-eb067371-f9bb-44c5-91fc-eb3c842b02a1"><testcase classname="backend.tests.test_mensajes_hoy.TestMensajesHoyAuth" name="test_stats_requires_auth" time="0.826" /><testcase classname="backend.tests.test_mensajes_hoy.TestMensajesHoyAuth" name="test_whatsapp_requires_auth" time="0.341" /><testcase classname="backend.tests.test_mensajes_hoy.TestMensajesHoyAuth" name="test_linkedin_requires_auth" time="0.364" /><testcase classname="backend.tests.test_mensajes_hoy.TestMensajesHoyStats" name="test_stats_returns_correct_structure" time="0.693" /><testcase classname="backend.tests.test_mensajes_hoy.TestWhatsAppMeetingConfirmations" name="test_option_1_never_contacted" time="9.974" /><testcase classname="backend.tests.test_mensajes_hoy.TestWhatsAppMeetingConfirmations" name="test_option_2_contacted_7_days_ago" time="10.115" /><testcase classname="backend.tests.test_mensajes_hoy.TestWhatsAppMeetingConfirmations" name="test_option_3_meeting_tomorrow" time="10.144" /><testcase classname="backend.tests.test_mensajes_hoy.TestWhatsAppMeetingConfirmations" name="test_option_4_meeting_today" time="9.967" /><testcase classname="backend.tests.test_mensajes_hoy.TestWhatsAppMeetingConfirmations" name="test_invalid_option_defaults_to_1" time="10.058" /><testcase classname="backend.tests.test_mensajes_hoy.TestWhatsAppStudentsAndQuotes" name="test_students_endpoint" time="1.025" /><testcase classname="backend.tests.test_mensajes_hoy.TestWhatsAppStudentsAndQuotes" name="test_quotes_endpoint" time="0.480" /><testcase classname="backend.tests.test_mensajes_hoy.TestLinkedInKeywords" name="test_linkedin_by_keyword_returns_groups" time="1.535" /><testcase classname="backend.tests.test_mensajes_hoy.TestMarkContacted" name="test_mark_contacted_whatsapp" time="0.444" /><testcase classname="backend.tests.test_mensajes_hoy.TestMarkContacted" name="test_mark_contacted_linkedin" time="0.427" /><testcase classname="backend.tests.test_mensajes_hoy.TestMarkContacted" name="test_mark_contacted_empty_list" time="0.377" /><testcase classname="backend.tests.test_mensajes_hoy.TestContactDataIntegrity" name="test_whatsapp_contacts_have_messages" time="9.941" /><testcase classname="backend.tests.test_mensajes_hoy.TestContactDataIntegrity" name="test_whatsapp_contacts_have_meeting_info" time="10.063" /><testcase classname="backend.tests.test_mensajes_hoy.TestLinkedInActiveEvents" name="test_active_events_requires_auth" time="0.359" /><testcase classname="backend.tests.test_mensajes_hoy.TestLinkedInActiveEvents" name="test_active_events_returns_correct_structure" time="0.470" /><testcase classname="backend.tests.test_mensajes_hoy.TestLinkedInActiveEvents" name="test_active_events_have_required_fields" time="0.469" /><testcase classname="backend.tests.test_mensajes_hoy.TestLinkedInActiveEvents" name="test_urls_copyable_contains_all_urls" time="0.503" /><testcase classname="backend.tests.test_mensajes_hoy.TestWhatsAppSmallBusinesses" name="test_small_businesses_requires_auth" time="0.344" /><testcase classname="backend.tests.test_mensajes_hoy.TestWhatsAppSmallBusinesses" name="test_small_businesses_default_cooldown" time="0.438" /><testcase classname="backend.tests.test_mensajes_hoy.TestWhatsAppSmallBusinesses" name="test_small_businesses_custom_cooldown_3_days" time="0.469" /><testcase classname="backend.tests.test_mensajes_hoy.TestWhatsAppSmallBusinesses" name="test_small_businesses_custom_cooldown_14_days" time="0.443" /><testcase classname="backend.tests.test_mensajes_hoy.TestWhatsAppSmallBusinesses" name="test_small_businesses_custom_cooldown_30_days" time="0.423" /><testcase classname="backend.tests.test_mensajes_hoy.TestWhatsAppSmallBusinesses" name="test_small_businesses_contact_structure" time="0.427" /><testcase classname="backend.tests.test_mensajes_hoy.TestWhatsAppSmallBusinesses" name="test_small_businesses_have_messages" time="0.423" /><testcase classname="backend.tests.test_mensajes_hoy.TestMarkBusinessContacted" name="test_mark_business_contacted_requires_auth" time="0.360" /><testcase classname="backend.tests.test_mensajes_hoy.TestMarkBusinessContacted" name="test_mark_business_contacted_empty_list" time="0.424" /><testcase classname="backend.tests.test_mensajes_hoy.TestMarkBusinessContacted" name="test_mark_business_contacted_nonexistent_id" time="0.438" /></testsuite></testsuites>