<?xml version="1.0" encoding="utf-8"?><testsuites name="pytest tests"><testsuite name="pytest" errors="0" failures="0" skipped="0" tests="17" time="78.295" timestamp="2026-01-28T19:52:05.952780+00:00" hostname="agent-env-eb067371-f9bb-44c5-91fc-eb3c842b02a1"><testcase classname="tests.test_mensajes_hoy.TestMensajesHoyAuth" name="test_stats_requires_auth" time="0.835" /><testcase classname="tests.test_mensajes_hoy.TestMensajesHoyAuth" name="test_whatsapp_requires_auth" time="0.348" /><testcase classname="tests.test_mensajes_hoy.TestMensajesHoyAuth" name="test_linkedin_requires_auth" time="0.365" /><testcase classname="tests.test_mensajes_hoy.TestMensajesHoyStats" name="test_stats_returns_correct_structure" time="0.658" /><testcase classname="tests.test_mensajes_hoy.TestWhatsAppMeetingConfirmations" name="test_option_1_never_contacted" time="9.719" /><testcase classname="tests.test_mensajes_hoy.TestWhatsAppMeetingConfirmations" name="test_option_2_contacted_7_days_ago" time="9.369" /><testcase classname="tests.test_mensajes_hoy.TestWhatsAppMeetingConfirmations" name="test_option_3_meeting_tomorrow" time="9.349" /><testcase classname="tests.test_mensajes_hoy.TestWhatsAppMeetingConfirmations" name="test_option_4_meeting_today" time="9.685" /><testcase classname="tests.test_mensajes_hoy.TestWhatsAppMeetingConfirmations" name="test_invalid_option_defaults_to_1" time="9.613" /><testcase classname="tests.test_mensajes_hoy.TestWhatsAppStudentsAndQuotes" name="test_students_endpoint" time="1.002" /><testcase classname="tests.test_mensajes_hoy.TestWhatsAppStudentsAndQuotes" name="test_quotes_endpoint" time="0.506" /><testcase classname="tests.test_mensajes_hoy.TestLinkedInKeywords" name="test_linkedin_by_keyword_returns_groups" time="6.689" /><testcase classname="tests.test_mensajes_hoy.TestMarkContacted" name="test_mark_contacted_whatsapp" time="0.465" /><testcase classname="tests.test_mensajes_hoy.TestMarkContacted" name="test_mark_contacted_linkedin" time="0.422" /><testcase classname="tests.test_mensajes_hoy.TestMarkContacted" name="test_mark_contacted_empty_list" time="0.380" /><testcase classname="tests.test_mensajes_hoy.TestContactDataIntegrity" name="test_whatsapp_contacts_have_messages" time="9.340" /><testcase classname="tests.test_mensajes_hoy.TestContactDataIntegrity" name="test_whatsapp_contacts_have_meeting_info" time="9.466" /></testsuite></testsuites>