<?xml version="1.0" encoding="utf-8"?><testsuites name="pytest tests"><testsuite name="pytest" errors="0" failures="0" skipped="0" tests="11" time="8.064" timestamp="2026-02-01T01:45:06.571005+00:00" hostname="agent-env-a3669f3b-56e9-4ded-b5f7-c5f150431c4a"><testcase classname="backend.tests.test_multi_company.TestMultiCompanyFeature" name="test_get_contacts_returns_companies_array" time="1.214" /><testcase classname="backend.tests.test_multi_company.TestMultiCompanyFeature" name="test_get_single_contact_has_companies_array" time="0.814" /><testcase classname="backend.tests.test_multi_company.TestMultiCompanyFeature" name="test_create_contact_with_multiple_companies" time="0.634" /><testcase classname="backend.tests.test_multi_company.TestMultiCompanyFeature" name="test_update_contact_with_multiple_companies" time="0.768" /><testcase classname="backend.tests.test_multi_company.TestMultiCompanyFeature" name="test_change_primary_company_updates_legacy_field" time="0.837" /><testcase classname="backend.tests.test_multi_company.TestMultiCompanyFeature" name="test_migrate_to_multi_company_endpoint" time="0.413" /><testcase classname="backend.tests.test_multi_company.TestMultiCompanyFeature" name="test_contacts_with_migrated_companies" time="0.705" /><testcase classname="backend.tests.test_multi_company.TestMultiCompanyFeature" name="test_legacy_company_field_still_works" time="0.582" /><testcase classname="backend.tests.test_multi_company.TestMultiCompanyFeature" name="test_empty_companies_array_allowed" time="0.571" /><testcase classname="backend.tests.test_multi_company.TestMultiCompanyDisplay" name="test_contacts_list_includes_all_companies" time="0.752" /><testcase classname="backend.tests.test_multi_company.TestMultiCompanyDisplay" name="test_primary_company_highlighted" time="0.701" /></testsuite></testsuites>