<?xml version="1.0" encoding="utf-8"?><testsuites name="pytest tests"><testsuite name="pytest" errors="0" failures="0" skipped="0" tests="13" time="7.517" timestamp="2026-01-30T01:31:29.605530+00:00" hostname="agent-env-aada1df8-3769-49e0-af7f-e88d11191961"><testcase classname="backend.tests.test_p1_analytics_lms.TestContactStats" name="test_contacts_stats_returns_total" time="1.331" /><testcase classname="backend.tests.test_p1_analytics_lms.TestContactStats" name="test_contacts_stats_returns_new_this_month" time="0.742" /><testcase classname="backend.tests.test_p1_analytics_lms.TestContactStats" name="test_contacts_stats_returns_by_stage" time="0.568" /><testcase classname="backend.tests.test_p1_analytics_lms.TestNewsletterAnalytics" name="test_analytics_summary_returns_sent" time="0.497" /><testcase classname="backend.tests.test_p1_analytics_lms.TestNewsletterAnalytics" name="test_analytics_summary_returns_opened" time="0.196" /><testcase classname="backend.tests.test_p1_analytics_lms.TestNewsletterAnalytics" name="test_analytics_summary_returns_clicked" time="0.242" /><testcase classname="backend.tests.test_p1_analytics_lms.TestNewsletterAnalytics" name="test_analytics_summary_returns_rates" time="0.203" /><testcase classname="backend.tests.test_p1_analytics_lms.TestContentFlowStats" name="test_content_stats_returns_blogs" time="0.666" /><testcase classname="backend.tests.test_p1_analytics_lms.TestContentFlowStats" name="test_content_stats_returns_testimonials" time="0.363" /><testcase classname="backend.tests.test_p1_analytics_lms.TestContentFlowStats" name="test_content_stats_returns_events" time="0.357" /><testcase classname="backend.tests.test_p1_analytics_lms.TestLMSContactCourses" name="test_get_contact_courses_empty" time="0.824" /><testcase classname="backend.tests.test_p1_analytics_lms.TestLMSContactCourses" name="test_enroll_and_unenroll_contact" time="1.006" /><testcase classname="backend.tests.test_p1_analytics_lms.TestLMSCoursesEndpoint" name="test_get_courses_list" time="0.450" /></testsuite></testsuites>