<?xml version="1.0" encoding="utf-8"?><testsuites name="pytest tests"><testsuite name="pytest" errors="0" failures="0" skipped="0" tests="10" time="6.852" timestamp="2026-02-20T01:59:06.080357+00:00" hostname="agent-env-e23734a0-3326-4262-a9ad-7eae3be947d6"><testcase classname="backend.tests.test_p1_data_transition.TestUnifiedContactsAPI" name="test_get_contacts_returns_200" time="1.499" /><testcase classname="backend.tests.test_p1_data_transition.TestUnifiedContactsAPI" name="test_get_contacts_has_contacts_array" time="0.513" /><testcase classname="backend.tests.test_p1_data_transition.TestUnifiedContactsAPI" name="test_get_contacts_has_total" time="0.509" /><testcase classname="backend.tests.test_p1_data_transition.TestUnifiedContactsAPI" name="test_get_contacts_structure" time="0.496" /><testcase classname="backend.tests.test_p1_data_transition.TestUnifiedContactsAPI" name="test_get_contacts_with_limit" time="0.510" /><testcase classname="backend.tests.test_p1_data_transition.TestHubSpotSectorsAPI" name="test_get_sectors_returns_200" time="0.692" /><testcase classname="backend.tests.test_p1_data_transition.TestHubSpotSectorsAPI" name="test_get_sectors_is_array" time="0.488" /><testcase classname="backend.tests.test_p1_data_transition.TestHubSpotSectorsAPI" name="test_sectors_have_company_count" time="0.490" /><testcase classname="backend.tests.test_p1_data_transition.TestHubSpotSectorsAPI" name="test_sectors_structure" time="0.494" /><testcase classname="backend.tests.test_p1_data_transition.TestContactsAndSectorsIntegration" name="test_contacts_and_sectors_both_work" time="1.102" /></testsuite></testsuites>