<?xml version="1.0" encoding="utf-8"?><testsuites name="pytest tests"><testsuite name="pytest" errors="0" failures="1" skipped="0" tests="17" time="7.473" timestamp="2026-01-28T19:22:19.507848+00:00" hostname="agent-env-eb067371-f9bb-44c5-91fc-eb3c842b02a1"><testcase classname="tests.test_phase1_bugs.TestAuthEndpoints" name="test_login_leaderlix_user" time="0.333" /><testcase classname="tests.test_phase1_bugs.TestAuthEndpoints" name="test_login_invalid_credentials" time="0.082" /><testcase classname="tests.test_phase1_bugs.TestAuthEndpoints" name="test_register_leaderlix_email_blocked" time="0.079" /><testcase classname="tests.test_phase1_bugs.TestLMSEndpoints" name="test_lms_options_no_duplicates" time="0.543"><failure message="AssertionError: Duplicate formatos found: {'Bootcamp', 'Curso Complementario', 'Curso Titular', 'Coaching 1 a 1', 'Patrocinio', 'Masterclass'}&#10;assert False">tests/test_phase1_bugs.py:89: in test_lms_options_no_duplicates
    assert False, f"Duplicate formatos found: {set(duplicates)}"
E   AssertionError: Duplicate formatos found: {'Bootcamp', 'Curso Complementario', 'Curso Titular', 'Coaching 1 a 1', 'Patrocinio', 'Masterclass'}
E   assert False</failure></testcase><testcase classname="tests.test_phase1_bugs.TestLMSEndpoints" name="test_lms_courses_list" time="0.472" /><testcase classname="tests.test_phase1_bugs.TestBlogEndpoints" name="test_blog_posts_list" time="0.459" /><testcase classname="tests.test_phase1_bugs.TestTimeTrackerEndpoints" name="test_time_tracker_entries_list" time="0.426" /><testcase classname="tests.test_phase1_bugs.TestTimeTrackerEndpoints" name="test_time_tracker_stats" time="0.422" /><testcase classname="tests.test_phase1_bugs.TestTimeTrackerEndpoints" name="test_time_tracker_students" time="0.477" /><testcase classname="tests.test_phase1_bugs.TestTimeTrackerEndpoints" name="test_time_tracker_create_and_delete_entry" time="0.585" /><testcase classname="tests.test_phase1_bugs.TestCertificadosEndpoints" name="test_certificados_programs_catalog" time="0.340" /><testcase classname="tests.test_phase1_bugs.TestCertificadosEndpoints" name="test_certificados_levels_catalog" time="0.330" /><testcase classname="tests.test_phase1_bugs.TestCertificadosEndpoints" name="test_certificados_search_contact" time="0.431" /><testcase classname="tests.test_phase1_bugs.TestCertificadosEndpoints" name="test_certificados_list" time="0.486" /><testcase classname="tests.test_phase1_bugs.TestJobKeywordsEndpoints" name="test_job_keywords_list" time="0.850" /><testcase classname="tests.test_phase1_bugs.TestJobKeywordsEndpoints" name="test_job_keywords_priorities" time="0.461" /><testcase classname="tests.test_phase1_bugs.TestJobKeywordsEndpoints" name="test_classify_contact" time="0.618" /></testsuite></testsuites>