<?xml version="1.0" encoding="utf-8"?><testsuites name="pytest tests"><testsuite name="pytest" errors="0" failures="0" skipped="0" tests="14" time="11.138" timestamp="2026-02-17T16:12:20.403967+00:00" hostname="agent-env-eb757b6d-2cd7-4a53-a7c1-55cbf8134d16"><testcase classname="backend.tests.test_phase5_company_association.TestPhase5CreateContactWithExistingCompany" name="test_create_contact_associates_with_existing_company_by_name" time="0.687" /><testcase classname="backend.tests.test_phase5_company_association.TestPhase5CreateContactWithExistingCompany" name="test_create_contact_associates_with_existing_company_by_alias" time="0.718" /><testcase classname="backend.tests.test_phase5_company_association.TestPhase5CreateContactWithNewCompany" name="test_create_contact_creates_inactive_company_when_not_found" time="0.906" /><testcase classname="backend.tests.test_phase5_company_association.TestPhase5CreateContactWithNewCompany" name="test_verify_auto_created_company_properties" time="1.261" /><testcase classname="backend.tests.test_phase5_company_association.TestPhase5UpdateContactWithCompany" name="test_update_contact_associates_with_existing_company" time="0.938" /><testcase classname="backend.tests.test_phase5_company_association.TestPhase5UpdateContactWithCompany" name="test_update_contact_creates_inactive_company_when_not_found" time="1.304" /><testcase classname="backend.tests.test_phase5_company_association.TestPhase5UpdateContactWithCompany" name="test_update_contact_with_alias_uses_canonical_name" time="1.142" /><testcase classname="backend.tests.test_phase5_company_association.TestPhase5EdgeCases" name="test_create_contact_without_company_has_no_company_id" time="0.517" /><testcase classname="backend.tests.test_phase5_company_association.TestPhase5EdgeCases" name="test_create_contact_with_empty_company_has_no_company_id" time="0.588" /><testcase classname="backend.tests.test_phase5_company_association.TestPhase5EdgeCases" name="test_create_contact_case_insensitive_match" time="0.837" /><testcase classname="backend.tests.test_phase5_company_association.TestPhase5DomainMatching" name="test_create_contact_matches_company_by_email_domain" time="1.036" /><testcase classname="backend.tests.test_phase5_company_association.TestPhase5GetContactVerification" name="test_get_contact_has_persisted_company_id" time="0.783" /><testcase classname="backend.tests.test_phase5_company_association.TestPhase5RequiresAuthentication" name="test_create_contact_requires_auth" time="0.181" /><testcase classname="backend.tests.test_phase5_company_association.TestPhase5RequiresAuthentication" name="test_update_contact_requires_auth" time="0.139" /></testsuite></testsuites>