<?xml version="1.0" encoding="utf-8"?><testsuites name="pytest tests"><testsuite name="pytest" errors="0" failures="0" skipped="0" tests="20" time="1.223" timestamp="2026-02-05T23:39:53.346752+00:00" hostname="agent-env-27f7db36-8b5d-41ef-86be-1c604495a8a5"><testcase classname="tests.test_prospection.TestProspectionEndpointsNoAuth" name="test_to_qualify_stats_requires_auth" time="0.082" /><testcase classname="tests.test_prospection.TestProspectionEndpointsNoAuth" name="test_to_qualify_next_requires_auth" time="0.042" /><testcase classname="tests.test_prospection.TestProspectionEndpointsNoAuth" name="test_linkedin_import_status_requires_auth" time="0.043" /><testcase classname="tests.test_prospection.TestProspectionEndpointsNoAuth" name="test_active_companies_requires_auth" time="0.044" /><testcase classname="tests.test_prospection.TestProspectionEndpointsNoAuth" name="test_queue_gb_requires_auth" time="0.038" /><testcase classname="tests.test_prospection.TestProspectionEndpointsNoAuth" name="test_queue_mg_requires_auth" time="0.040" /><testcase classname="tests.test_prospection.TestProspectionEndpointsNoAuth" name="test_qualify_contact_requires_auth" time="0.047" /><testcase classname="tests.test_prospection.TestProspectionEndpointsNoAuth" name="test_discard_contact_requires_auth" time="0.043" /><testcase classname="tests.test_prospection.TestProspectionEndpointsNoAuth" name="test_postpone_contact_requires_auth" time="0.038" /><testcase classname="tests.test_prospection.TestProspectionEndpointsNoAuth" name="test_undo_discard_requires_auth" time="0.045" /><testcase classname="tests.test_prospection.TestProspectionEndpointsNoAuth" name="test_mark_export_requested_requires_auth" time="0.037" /><testcase classname="tests.test_prospection.TestProspectionEndpointsNoAuth" name="test_add_search_to_company_requires_auth" time="0.042" /><testcase classname="tests.test_prospection.TestProspectionEndpointsNoAuth" name="test_delete_search_requires_auth" time="0.045" /><testcase classname="tests.test_prospection.TestProspectionEndpointsNoAuth" name="test_mark_search_copied_requires_auth" time="0.083" /><testcase classname="tests.test_prospection.TestProspectionEndpointsNoAuth" name="test_update_stage_1_status_requires_auth" time="0.043" /><testcase classname="tests.test_prospection.TestProspectionEndpointsNoAuth" name="test_toggle_company_active_requires_auth" time="0.040" /><testcase classname="tests.test_prospection.TestProspectionEndpointsNoAuth" name="test_merge_companies_requires_auth" time="0.044" /><testcase classname="tests.test_prospection.TestProspectionEndpointsNoAuth" name="test_get_all_managed_companies_requires_auth" time="0.043" /><testcase classname="tests.test_prospection.TestProspectionEndpointValidation" name="test_queue_invalid_profile_returns_401_first" time="0.049" /><testcase classname="tests.test_prospection.TestProspectionRouterExists" name="test_prospection_prefix_exists" time="0.272" /></testsuite></testsuites>