<?xml version="1.0" encoding="utf-8"?><testsuites name="pytest tests"><testsuite name="pytest" errors="0" failures="0" skipped="0" tests="13" time="4.080" timestamp="2026-01-24T18:55:36.451701+00:00" hostname="agent-env-7871eb11-8864-4e21-b789-d703406d163c"><testcase classname="backend.tests.test_critical_endpoints.TestAuthentication" name="test_api_root" time="0.062" /><testcase classname="backend.tests.test_critical_endpoints.TestAuthentication" name="test_login_success" time="0.325" /><testcase classname="backend.tests.test_critical_endpoints.TestAuthentication" name="test_login_invalid_credentials" time="0.038" /><testcase classname="backend.tests.test_critical_endpoints.TestContacts" name="test_get_contacts" time="0.328" /><testcase classname="backend.tests.test_critical_endpoints.TestContacts" name="test_contacts_have_required_fields" time="0.327" /><testcase classname="backend.tests.test_critical_endpoints.TestCompanies" name="test_get_companies" time="0.521" /><testcase classname="backend.tests.test_critical_endpoints.TestSectors" name="test_get_sectors" time="0.300" /><testcase classname="backend.tests.test_critical_endpoints.TestBuyerPersonasHubSpot" name="test_get_buyer_personas_hubspot" time="0.509" /><testcase classname="backend.tests.test_critical_endpoints.TestBuyerPersonasDB" name="test_get_buyer_personas_db" time="0.305" /><testcase classname="backend.tests.test_critical_endpoints.TestBuyerPersonasDB" name="test_buyer_personas_have_display_name" time="0.304" /><testcase classname="backend.tests.test_critical_endpoints.TestThematicAxes" name="test_get_thematic_axes" time="0.306" /><testcase classname="backend.tests.test_critical_endpoints.TestEvents" name="test_get_events" time="0.306" /><testcase classname="backend.tests.test_critical_endpoints.TestGenerateTitle" name="test_generate_title_with_ai" time="0.379" /></testsuite></testsuites>