<?xml version="1.0" encoding="utf-8"?><testsuites name="pytest tests"><testsuite name="pytest" errors="0" failures="0" skipped="0" tests="11" time="17.236" timestamp="2026-02-20T17:47:57.117221+00:00" hostname="agent-env-8d5a29db-aebe-493e-ab89-d11258b0be1f"><testcase classname="backend.tests.test_qualify_new_contacts_outbound.TestTrafficLightQualifyNewContacts" name="test_traffic_light_endpoint_returns_qualify_new_contacts" time="2.616" /><testcase classname="backend.tests.test_qualify_new_contacts_outbound.TestTrafficLightQualifyNewContacts" name="test_traffic_light_semaphore_logic" time="4.158" /><testcase classname="backend.tests.test_qualify_new_contacts_outbound.TestToQualifyStats" name="test_stats_returns_required_fields" time="1.101" /><testcase classname="backend.tests.test_qualify_new_contacts_outbound.TestToQualifyStats" name="test_stats_counts_outbound_only" time="1.110" /><testcase classname="backend.tests.test_qualify_new_contacts_outbound.TestToQualifyNext" name="test_next_returns_contact_or_message" time="0.802" /><testcase classname="backend.tests.test_qualify_new_contacts_outbound.TestToQualifyNext" name="test_next_only_returns_outbound_contacts" time="0.639" /><testcase classname="backend.tests.test_qualify_new_contacts_outbound.TestToQualifyNext" name="test_next_filters_by_stage" time="0.661" /><testcase classname="backend.tests.test_qualify_new_contacts_outbound.TestEndpointAuthentication" name="test_traffic_light_works_without_auth" time="2.315" /><testcase classname="backend.tests.test_qualify_new_contacts_outbound.TestEndpointAuthentication" name="test_to_qualify_stats_requires_auth" time="0.174" /><testcase classname="backend.tests.test_qualify_new_contacts_outbound.TestEndpointAuthentication" name="test_to_qualify_next_requires_auth" time="0.173" /><testcase classname="backend.tests.test_qualify_new_contacts_outbound.TestIntegration" name="test_stats_and_traffic_light_consistency" time="3.431" /></testsuite></testsuites>