<?xml version="1.0" encoding="utf-8"?><testsuites name="pytest tests"><testsuite name="pytest" errors="0" failures="0" skipped="0" tests="18" time="6.205" timestamp="2026-01-29T12:53:21.906894+00:00" hostname="agent-env-3b0b037c-f0e6-4d5f-a65d-5cea01e3f691"><testcase classname="backend.tests.test_refactor_features.TestBusinessSearchConfig" name="test_list_business_types" time="0.949" /><testcase classname="backend.tests.test_refactor_features.TestBusinessSearchConfig" name="test_create_business_type" time="0.214" /><testcase classname="backend.tests.test_refactor_features.TestBusinessSearchConfig" name="test_list_cities" time="0.120" /><testcase classname="backend.tests.test_refactor_features.TestBusinessSearchConfig" name="test_create_city" time="0.269" /><testcase classname="backend.tests.test_refactor_features.TestBusinessSearchConfig" name="test_get_search_queue" time="0.252" /><testcase classname="backend.tests.test_refactor_features.TestBusinessSearchConfig" name="test_get_stats" time="0.286" /><testcase classname="backend.tests.test_refactor_features.TestBusinessSearchConfig" name="test_cleanup_business_type" time="0.165" /><testcase classname="backend.tests.test_refactor_features.TestBusinessSearchConfig" name="test_cleanup_city" time="0.161" /><testcase classname="backend.tests.test_refactor_features.TestMensajesHoyUnified" name="test_get_all_whatsapp_contacts" time="1.139" /><testcase classname="backend.tests.test_refactor_features.TestMensajesHoyUnified" name="test_dismiss_contact" time="0.122" /><testcase classname="backend.tests.test_refactor_features.TestMensajesHoyUnified" name="test_get_dismissed_today" time="0.140" /><testcase classname="backend.tests.test_refactor_features.TestMensajesHoyUnified" name="test_add_phone_not_found" time="0.162" /><testcase classname="backend.tests.test_refactor_features.TestMensajesHoyUnified" name="test_get_stats" time="0.392" /><testcase classname="backend.tests.test_refactor_features.TestLinkedInEvents" name="test_get_active_linkedin_events" time="0.165" /><testcase classname="backend.tests.test_refactor_features.TestLinkedInEvents" name="test_get_linkedin_by_keyword" time="1.071" /><testcase classname="backend.tests.test_refactor_features.TestAuthFlow" name="test_login_success" time="0.316" /><testcase classname="backend.tests.test_refactor_features.TestAuthFlow" name="test_login_invalid_credentials" time="0.078" /><testcase classname="backend.tests.test_refactor_features.TestAuthFlow" name="test_auth_me" time="0.121" /></testsuite></testsuites>