<?xml version="1.0" encoding="utf-8"?><testsuites name="pytest tests"><testsuite name="pytest" errors="0" failures="0" skipped="0" tests="23" time="59.922" timestamp="2026-01-24T23:21:59.857359+00:00" hostname="agent-env-1c18c52e-0d5c-4bc0-9cb5-ac6d7c8e4bf9"><testcase classname="backend.tests.test_scrappers.TestKeywordsEndpoints" name="test_list_keywords" time="15.804" /><testcase classname="backend.tests.test_scrappers.TestKeywordsEndpoints" name="test_list_keywords_active_only" time="5.291" /><testcase classname="backend.tests.test_scrappers.TestKeywordsEndpoints" name="test_create_keyword" time="0.201" /><testcase classname="backend.tests.test_scrappers.TestKeywordsEndpoints" name="test_create_duplicate_keyword" time="0.129" /><testcase classname="backend.tests.test_scrappers.TestKeywordsEndpoints" name="test_create_keywords_bulk" time="4.368" /><testcase classname="backend.tests.test_scrappers.TestKeywordsEndpoints" name="test_update_keyword_toggle_active" time="0.466" /><testcase classname="backend.tests.test_scrappers.TestKeywordsEndpoints" name="test_update_keyword_not_found" time="0.128" /><testcase classname="backend.tests.test_scrappers.TestKeywordsEndpoints" name="test_delete_keyword" time="28.000" /><testcase classname="backend.tests.test_scrappers.TestKeywordsEndpoints" name="test_delete_keyword_not_found" time="0.125" /><testcase classname="backend.tests.test_scrappers.TestConfigEndpoints" name="test_get_all_configs" time="0.430" /><testcase classname="backend.tests.test_scrappers.TestConfigEndpoints" name="test_update_config" time="0.389" /><testcase classname="backend.tests.test_scrappers.TestOpportunitiesEndpoints" name="test_list_opportunities" time="0.520" /><testcase classname="backend.tests.test_scrappers.TestOpportunitiesEndpoints" name="test_list_opportunities_with_filters" time="0.236" /><testcase classname="backend.tests.test_scrappers.TestOpportunitiesEndpoints" name="test_update_opportunity_status" time="0.217" /><testcase classname="backend.tests.test_scrappers.TestOpportunitiesEndpoints" name="test_update_opportunity_invalid_status" time="0.213" /><testcase classname="backend.tests.test_scrappers.TestOpportunitiesEndpoints" name="test_update_opportunity_not_found" time="0.125" /><testcase classname="backend.tests.test_scrappers.TestLogsEndpoints" name="test_list_logs" time="0.426" /><testcase classname="backend.tests.test_scrappers.TestLogsEndpoints" name="test_list_logs_with_filter" time="0.124" /><testcase classname="backend.tests.test_scrappers.TestLogsEndpoints" name="test_list_runs" time="0.124" /><testcase classname="backend.tests.test_scrappers.TestStatsEndpoints" name="test_get_stats" time="0.757" /><testcase classname="backend.tests.test_scrappers.TestRunEndpoints" name="test_run_unknown_scrapper" time="0.529" /><testcase classname="backend.tests.test_scrappers.TestRunEndpoints" name="test_get_run_status_not_found" time="0.126" /><testcase classname="backend.tests.test_scrappers.TestCleanup" name="test_cleanup_test_keywords" time="1.129" /></testsuite></testsuites>