<?xml version="1.0" encoding="utf-8"?><testsuites name="pytest tests"><testsuite name="pytest" errors="0" failures="0" skipped="0" tests="19" time="6.482" timestamp="2026-01-28T16:37:56.611702+00:00" hostname="agent-env-45f5ac5f-86b0-4696-b1dd-67ae218d28fd"><testcase classname="backend.tests.test_testimonials.TestTestimonialsAuth" name="test_testimonials_requires_auth" time="0.064" /><testcase classname="backend.tests.test_testimonials.TestTestimonialsAuth" name="test_testimonials_options_requires_auth" time="0.041" /><testcase classname="backend.tests.test_testimonials.TestTestimonialsAuth" name="test_create_testimonial_requires_auth" time="0.038" /><testcase classname="backend.tests.test_testimonials.TestTestimonialsOptions" name="test_get_options_success" time="1.073" /><testcase classname="backend.tests.test_testimonials.TestTestimonialsOptions" name="test_options_have_id_and_name" time="0.302" /><testcase classname="backend.tests.test_testimonials.TestTestimonialsCRUD" name="test_list_testimonials" time="0.522" /><testcase classname="backend.tests.test_testimonials.TestTestimonialsCRUD" name="test_create_testimonial_minimal" time="0.271" /><testcase classname="backend.tests.test_testimonials.TestTestimonialsCRUD" name="test_create_testimonial_full" time="0.595" /><testcase classname="backend.tests.test_testimonials.TestTestimonialsCRUD" name="test_create_and_get_testimonial" time="0.451" /><testcase classname="backend.tests.test_testimonials.TestTestimonialsCRUD" name="test_update_testimonial" time="0.504" /><testcase classname="backend.tests.test_testimonials.TestTestimonialsCRUD" name="test_delete_testimonial" time="0.376" /><testcase classname="backend.tests.test_testimonials.TestTestimonialsCRUD" name="test_delete_nonexistent_testimonial" time="0.122" /><testcase classname="backend.tests.test_testimonials.TestTestimonialsFilters" name="test_filter_by_formato" time="0.810" /><testcase classname="backend.tests.test_testimonials.TestTestimonialsFilters" name="test_filter_by_valor_agregado" time="0.226" /><testcase classname="backend.tests.test_testimonials.TestTestimonialsPublic" name="test_public_endpoint_no_auth" time="0.148" /><testcase classname="backend.tests.test_testimonials.TestTestimonialsPublic" name="test_public_excludes_email" time="0.079" /><testcase classname="backend.tests.test_testimonials.TestTestimonialsPublic" name="test_public_with_filters" time="0.080" /><testcase classname="backend.tests.test_testimonials.TestTestimonialsValidation" name="test_create_missing_required_fields" time="0.418" /><testcase classname="backend.tests.test_testimonials.TestTestimonialsValidation" name="test_rating_values" time="0.275" /></testsuite></testsuites>