<?xml version="1.0" encoding="utf-8"?><testsuites name="pytest tests"><testsuite name="pytest" errors="0" failures="0" skipped="0" tests="15" time="0.831" timestamp="2026-02-05T15:19:56.016051+00:00" hostname="agent-env-f21e209b-306b-4712-aee3-6d97b01f56d4"><testcase classname="backend.tests.test_todays_focus.TestTodaysFocusEndpoints" name="test_cases_without_dealmaker_requires_auth" time="0.107" /><testcase classname="backend.tests.test_todays_focus.TestTodaysFocusEndpoints" name="test_contacts_without_roles_requires_auth" time="0.045" /><testcase classname="backend.tests.test_todays_focus.TestTodaysFocusEndpoints" name="test_cases_solicited_requires_auth" time="0.043" /><testcase classname="backend.tests.test_todays_focus.TestTodaysFocusEndpoints" name="test_available_roles_requires_auth" time="0.046" /><testcase classname="backend.tests.test_todays_focus.TestTodaysFocusEndpoints" name="test_assign_dealmaker_requires_auth" time="0.038" /><testcase classname="backend.tests.test_todays_focus.TestTodaysFocusEndpoints" name="test_mark_dm_complete_requires_auth" time="0.077" /><testcase classname="backend.tests.test_todays_focus.TestTodaysFocusEndpoints" name="test_assign_roles_requires_auth" time="0.042" /><testcase classname="backend.tests.test_todays_focus.TestTodaysFocusEndpoints" name="test_dealmaker_followup_requires_auth" time="0.041" /><testcase classname="backend.tests.test_todays_focus.TestTodaysFocusEndpoints" name="test_batting_stats_requires_auth" time="0.041" /><testcase classname="backend.tests.test_todays_focus.TestAPIStructure" name="test_api_root_accessible" time="0.042" /><testcase classname="backend.tests.test_todays_focus.TestAPIStructure" name="test_todays_focus_prefix_exists" time="0.041" /><testcase classname="backend.tests.test_todays_focus.TestAPIStructure" name="test_invalid_endpoint_returns_404" time="0.049" /><testcase classname="backend.tests.test_todays_focus.TestRequestValidation" name="test_assign_dealmaker_validates_body" time="0.040" /><testcase classname="backend.tests.test_todays_focus.TestRequestValidation" name="test_assign_roles_validates_body" time="0.080" /><testcase classname="backend.tests.test_todays_focus.TestRequestValidation" name="test_mark_dm_complete_validates_body" time="0.035" /></testsuite></testsuites>