<?xml version="1.0" encoding="utf-8"?><testsuites name="pytest tests"><testsuite name="pytest" errors="0" failures="0" skipped="0" tests="11" time="16.903" timestamp="2026-02-18T18:49:46.610827+00:00" hostname="agent-env-142c0c9f-8252-4d45-966a-ca12277cef13"><testcase classname="backend.tests.test_traffic_light_current_cases.TestTrafficLightCurrentCasesStatus" name="test_traffic_light_endpoint_returns_200" time="1.650" /><testcase classname="backend.tests.test_traffic_light_current_cases.TestTrafficLightCurrentCasesStatus" name="test_traffic_light_has_current_cases_key" time="1.652" /><testcase classname="backend.tests.test_traffic_light_current_cases.TestTrafficLightCurrentCasesStatus" name="test_current_cases_status_not_gray" time="1.638" /><testcase classname="backend.tests.test_traffic_light_current_cases.TestTrafficLightCurrentCasesStatus" name="test_all_sections_in_sections_list_have_status" time="1.644" /><testcase classname="backend.tests.test_traffic_light_current_cases.TestCurrentCasesStatusLogic" name="test_no_eligible_cases_returns_green" time="1.679" /><testcase classname="backend.tests.test_traffic_light_current_cases.TestFocusNavigationIntegration" name="test_section_id_matches_traffic_light_key" time="1.610" /><testcase classname="backend.tests.test_traffic_light_current_cases.TestPendingTaskDefinition" name="test_traffic_light_endpoint_structure" time="1.718" /><testcase classname="backend.tests.test_traffic_light_current_cases.TestDeliveryGanadosEndpoint" name="test_ganados_endpoint_requires_auth" time="0.257" /><testcase classname="backend.tests.test_traffic_light_current_cases.TestCodeReview" name="test_current_cases_in_sections_list" time="1.708" /><testcase classname="backend.tests.test_traffic_light_current_cases.TestCodeReview" name="test_no_gray_for_core_sections" time="1.640" /><testcase classname="backend.tests.test_traffic_light_current_cases.TestStatusAggregation" name="test_aggregation_priority" time="1.631" /></testsuite></testsuites>