<?xml version="1.0" encoding="utf-8"?><testsuites name="pytest tests"><testsuite name="pytest" errors="0" failures="0" skipped="0" tests="15" time="27.770" timestamp="2026-02-18T19:00:33.238796+00:00" hostname="agent-env-142c0c9f-8252-4d45-966a-ca12277cef13"><testcase classname="backend.tests.test_traffic_light_acceptance.TestTrafficLightAcceptanceCriteria" name="test_ac1_traffic_light_endpoint_returns_current_cases" time="1.913" /><testcase classname="backend.tests.test_traffic_light_acceptance.TestTrafficLightAcceptanceCriteria" name="test_ac2_status_values_are_valid" time="1.899" /><testcase classname="backend.tests.test_traffic_light_acceptance.TestTrafficLightAcceptanceCriteria" name="test_ac3_current_cases_section_exists_in_response" time="1.828" /><testcase classname="backend.tests.test_traffic_light_acceptance.TestPendingTaskDefinition" name="test_pending_task_logic_documentation" time="1.841" /><testcase classname="backend.tests.test_traffic_light_acceptance.TestContactFiltering" name="test_contact_filtering_in_focus_endpoint" time="1.749" /><testcase classname="backend.tests.test_traffic_light_acceptance.TestDeletedColumnExclusion" name="test_deleted_columns_excluded" time="1.838" /><testcase classname="backend.tests.test_traffic_light_acceptance.TestNoCellMeansUnchecked" name="test_null_cell_treated_as_unchecked" time="1.915" /><testcase classname="backend.tests.test_traffic_light_acceptance.TestGreenDefaultBehavior" name="test_green_is_default_for_no_work" time="1.800" /><testcase classname="backend.tests.test_traffic_light_acceptance.TestWeeklyActivityDetection" name="test_weekly_activity_affects_status" time="1.875" /><testcase classname="backend.tests.test_traffic_light_acceptance.TestStatusAggregation" name="test_status_aggregation_priority" time="1.866" /><testcase classname="backend.tests.test_traffic_light_acceptance.TestCodeVerification" name="test_focus_py_calculate_current_cases_status" time="1.803" /><testcase classname="backend.tests.test_traffic_light_acceptance.TestCodeVerification" name="test_cases_py_calculate_case_weekly_status" time="1.804" /><testcase classname="backend.tests.test_traffic_light_acceptance.TestEdgeCases" name="test_empty_checklist" time="1.940" /><testcase classname="backend.tests.test_traffic_light_acceptance.TestEdgeCases" name="test_all_columns_deleted" time="1.821" /><testcase classname="backend.tests.test_traffic_light_acceptance.TestEdgeCases" name="test_no_contacts_in_case" time="1.799" /></testsuite></testsuites>