<?xml version="1.0" encoding="utf-8"?><testsuites name="pytest tests"><testsuite name="pytest" errors="0" failures="0" skipped="0" tests="12" time="14.548" timestamp="2026-01-27T15:21:56.309622+00:00" hostname="agent-env-db6f4b7f-3a6a-45ca-8111-0646a4a9560b"><testcase classname="tests.test_traffic_light.TestTrafficLightEndpoint" name="test_traffic_light_endpoint_returns_200" time="1.799" /><testcase classname="tests.test_traffic_light.TestTrafficLightEndpoint" name="test_traffic_light_has_all_step_sections" time="1.253" /><testcase classname="tests.test_traffic_light.TestTrafficLightEndpoint" name="test_traffic_light_has_foundations_section" time="1.263" /><testcase classname="tests.test_traffic_light.TestTrafficLightEndpoint" name="test_traffic_light_has_infostructure_section" time="1.237" /><testcase classname="tests.test_traffic_light.TestTrafficLightEndpoint" name="test_step1_parent_aggregation" time="1.266" /><testcase classname="tests.test_traffic_light.TestTrafficLightEndpoint" name="test_coming_soon_items_have_gray_status" time="1.367" /><testcase classname="tests.test_traffic_light.TestTrafficLightEndpoint" name="test_linkedin_finders_have_progress_data" time="1.234" /><testcase classname="tests.test_traffic_light.TestTrafficLightEndpoint" name="test_via_linkedin_parent_has_breakdown" time="1.275" /><testcase classname="tests.test_traffic_light.TestTrafficLightEndpoint" name="test_status_values_are_valid" time="1.270" /><testcase classname="tests.test_traffic_light.TestTrafficLightEndpoint" name="test_foundations_parent_aggregation" time="1.239" /><testcase classname="tests.test_traffic_light.TestTrafficLightEndpoint" name="test_infostructure_parent_aggregation" time="1.241" /><testcase classname="tests.test_traffic_light.TestTrafficLightAuthentication" name="test_traffic_light_requires_auth" time="0.038" /></testsuite></testsuites>