<?xml version="1.0" encoding="utf-8"?><testsuites name="pytest tests"><testsuite name="pytest" errors="0" failures="0" skipped="0" tests="16" time="65.016" timestamp="2026-02-19T21:36:01.937736+00:00" hostname="agent-env-3a42efd3-dd43-4ab2-ad46-29ee61f7e86b"><testcase classname="tests.test_unified_companies_features.TestUnifiedCompaniesStats" name="test_stats_summary_returns_total_outbound_inbound" time="1.796" /><testcase classname="tests.test_unified_companies_features.TestUnifiedCompaniesStats" name="test_stats_industries_returns_list" time="0.478" /><testcase classname="tests.test_unified_companies_features.TestOutboundCompanies" name="test_outbound_companies_endpoint" time="0.616" /><testcase classname="tests.test_unified_companies_features.TestOutboundCompanies" name="test_prospection_active_companies" time="55.144" /><testcase classname="tests.test_unified_companies_features.TestCreateCompany" name="test_create_company_basic" time="0.407" /><testcase classname="tests.test_unified_companies_features.TestCreateCompany" name="test_create_company_with_outbound_classification" time="0.503" /><testcase classname="tests.test_unified_companies_features.TestCompanyAliases" name="test_add_alias_to_existing_company" time="0.839" /><testcase classname="tests.test_unified_companies_features.TestCompanyAliases" name="test_get_company_with_aliases" time="0.776" /><testcase classname="tests.test_unified_companies_features.TestSecondaryIndustries" name="test_add_secondary_industry" time="0.932" /><testcase classname="tests.test_unified_companies_features.TestSecondaryIndustries" name="test_company_has_industries_array" time="0.709" /><testcase classname="tests.test_unified_companies_features.TestCompanyByIndustry" name="test_by_industry_returns_companies" time="0.816" /><testcase classname="tests.test_unified_companies_features.TestCompanySearch" name="test_search_companies" time="0.477" /><testcase classname="tests.test_unified_companies_features.TestCompanySearch" name="test_search_with_classification_filter" time="0.263" /><testcase classname="tests.test_unified_companies_features.TestListCompaniesWithFilters" name="test_list_all_companies" time="0.341" /><testcase classname="tests.test_unified_companies_features.TestListCompaniesWithFilters" name="test_list_inbound_companies" time="0.409" /><testcase classname="tests.test_unified_companies_features.TestListCompaniesWithFilters" name="test_list_outbound_companies_via_classification" time="0.368" /></testsuite></testsuites>