<?xml version="1.0" encoding="utf-8"?><testsuites name="pytest tests"><testsuite name="pytest" errors="0" failures="0" skipped="0" tests="16" time="54.171" timestamp="2026-02-19T05:04:51.313335+00:00" hostname="agent-env-1dc37919-b7bb-4e07-8e3e-8cd3effd0530"><testcase classname="backend.tests.test_unified_companies_migration.TestUnifiedCompaniesEndpoints" name="test_list_unified_companies" time="0.915" /><testcase classname="backend.tests.test_unified_companies_migration.TestUnifiedCompaniesEndpoints" name="test_list_outbound_companies" time="0.272" /><testcase classname="backend.tests.test_unified_companies_migration.TestUnifiedCompaniesEndpoints" name="test_search_unified_companies" time="0.241" /><testcase classname="backend.tests.test_unified_companies_migration.TestUnifiedCompaniesEndpoints" name="test_create_unified_company" time="0.274" /><testcase classname="backend.tests.test_unified_companies_migration.TestUnifiedCompaniesEndpoints" name="test_get_unified_company_by_id" time="0.525" /><testcase classname="backend.tests.test_unified_companies_migration.TestUnifiedCompaniesEndpoints" name="test_update_company_classification" time="0.836" /><testcase classname="backend.tests.test_unified_companies_migration.TestUnifiedCompaniesEndpoints" name="test_update_company_general" time="0.829" /><testcase classname="backend.tests.test_unified_companies_migration.TestProspectionCompaniesAll" name="test_companies_all_endpoint" time="1.105" /><testcase classname="backend.tests.test_unified_companies_migration.TestProspectionCompaniesAll" name="test_companies_all_include_inactive" time="0.868" /><testcase classname="backend.tests.test_unified_companies_migration.TestActiveCompaniesEndpoint" name="test_active_companies" time="44.009" /><testcase classname="backend.tests.test_unified_companies_migration.TestCompanyToggleActive" name="test_toggle_company_active" time="1.089" /><testcase classname="backend.tests.test_unified_companies_migration.TestClassificationPropagation" name="test_propagation_preview" time="0.645" /><testcase classname="backend.tests.test_unified_companies_migration.TestCompanyActivities" name="test_company_activities" time="0.597" /><testcase classname="backend.tests.test_unified_companies_migration.TestCaseStageCompanyCreation" name="test_case_stage_change_creates_company" time="0.262" /><testcase classname="backend.tests.test_unified_companies_migration.TestContactStageCompanyCreation" name="test_contact_stage_change_creates_company" time="0.368" /><testcase classname="backend.tests.test_unified_companies_migration.TestBackwardCompatibility" name="test_is_active_mapping" time="1.249" /></testsuite></testsuites>