<?xml version="1.0" encoding="utf-8"?><testsuites name="pytest tests"><testsuite name="pytest" errors="0" failures="0" skipped="0" tests="17" time="13.221" timestamp="2026-02-11T01:52:04.778342+00:00" hostname="agent-env-32616263-98da-4098-a2fc-0820fe71e042"><testcase classname="backend.tests.test_unified_auth.TestAuthEndpointsBasic" name="test_api_root_accessible" time="5.682" /><testcase classname="backend.tests.test_unified_auth.TestAuthEndpointsBasic" name="test_google_init_endpoint_exists" time="0.077" /><testcase classname="backend.tests.test_unified_auth.TestAuthEndpointsBasic" name="test_auth_check_without_session" time="0.042" /><testcase classname="backend.tests.test_unified_auth.TestExternalUserRegistration" name="test_register_external_user_success" time="0.918" /><testcase classname="backend.tests.test_unified_auth.TestExternalUserRegistration" name="test_register_blocks_leaderlix_domain" time="0.042" /><testcase classname="backend.tests.test_unified_auth.TestExternalUserRegistration" name="test_register_missing_fields" time="0.119" /><testcase classname="backend.tests.test_unified_auth.TestExternalUserRegistration" name="test_register_duplicate_email" time="0.591" /><testcase classname="backend.tests.test_unified_auth.TestEmailVerification" name="test_verify_email_with_valid_token" time="0.648" /><testcase classname="backend.tests.test_unified_auth.TestEmailVerification" name="test_verify_email_with_invalid_token" time="0.094" /><testcase classname="backend.tests.test_unified_auth.TestExternalUserLogin" name="test_login_external_user_success" time="1.121" /><testcase classname="backend.tests.test_unified_auth.TestExternalUserLogin" name="test_login_blocks_leaderlix_domain" time="0.035" /><testcase classname="backend.tests.test_unified_auth.TestExternalUserLogin" name="test_login_invalid_credentials" time="0.095" /><testcase classname="backend.tests.test_unified_auth.TestExternalUserLogin" name="test_login_unverified_user" time="0.808" /><testcase classname="backend.tests.test_unified_auth.TestSessionCheck" name="test_session_check_with_valid_session" time="1.300" /><testcase classname="backend.tests.test_unified_auth.TestSessionCheck" name="test_session_check_without_session" time="0.076" /><testcase classname="backend.tests.test_unified_auth.TestGoogleOAuthInit" name="test_google_init_returns_auth_url" time="0.031" /><testcase classname="backend.tests.test_unified_auth.TestLogout" name="test_logout_clears_session" time="1.408" /></testsuite></testsuites>