<?xml version="1.0" encoding="utf-8"?><testsuites name="pytest tests"><testsuite name="pytest" errors="0" failures="0" skipped="0" tests="11" time="20.312" timestamp="2026-02-01T15:06:04.278907+00:00" hostname="agent-env-323cb470-9ec8-4517-9512-5dfa13e58f8f"><testcase classname="backend.tests.test_webinar_integration.TestWebinarFromContentItem" name="test_create_webinar_from_content_item" time="15.450" /><testcase classname="backend.tests.test_webinar_integration.TestWebinarFromContentItem" name="test_create_duplicate_webinar_fails" time="0.182" /><testcase classname="backend.tests.test_webinar_integration.TestContentItemDeletionProtection" name="test_delete_content_item_with_webinar_fails" time="0.121" /><testcase classname="backend.tests.test_webinar_integration.TestImportContacts" name="test_import_contacts_to_webinar" time="0.957" /><testcase classname="backend.tests.test_webinar_integration.TestImportContacts" name="test_import_contacts_stage_logic_new_contact" time="0.799" /><testcase classname="backend.tests.test_webinar_integration.TestContactWebinarHistory" name="test_get_contact_webinar_history" time="0.597" /><testcase classname="backend.tests.test_webinar_integration.TestWatchingRoom" name="test_get_watching_room" time="0.766" /><testcase classname="backend.tests.test_webinar_integration.TestWatchingRoom" name="test_watch_ping" time="0.799" /><testcase classname="backend.tests.test_webinar_integration.TestExistingWebinar" name="test_get_existing_webinar" time="0.122" /><testcase classname="backend.tests.test_webinar_integration.TestExistingWebinar" name="test_list_all_webinars" time="0.119" /><testcase classname="backend.tests.test_webinar_integration.TestCleanup" name="test_cleanup_webinar" time="0.327" /></testsuite></testsuites>