<?xml version="1.0" encoding="utf-8"?><testsuites name="pytest tests"><testsuite name="pytest" errors="0" failures="0" skipped="0" tests="17" time="6.320" timestamp="2026-01-26T03:45:33.447238+00:00" hostname="agent-env-1cdaaf43-0360-4136-8c7b-4ee5b9385cda"><testcase classname="tests.test_youtube_attract.TestYouTubeVideosAPI" name="test_get_youtube_videos" time="0.977" /><testcase classname="tests.test_youtube_attract.TestYouTubeVideosAPI" name="test_create_youtube_video" time="0.098" /><testcase classname="tests.test_youtube_attract.TestYouTubeVideosAPI" name="test_create_and_verify_video_persistence" time="0.370" /><testcase classname="tests.test_youtube_attract.TestYouTubeVideosAPI" name="test_update_youtube_video_status" time="0.370" /><testcase classname="tests.test_youtube_attract.TestYouTubeVideosAPI" name="test_update_video_all_statuses" time="0.920" /><testcase classname="tests.test_youtube_attract.TestYouTubeVideosAPI" name="test_delete_youtube_video" time="0.364" /><testcase classname="tests.test_youtube_attract.TestYouTubeVideosAPI" name="test_delete_nonexistent_video" time="0.091" /><testcase classname="tests.test_youtube_attract.TestAttractIdeasAPI" name="test_get_video_ideas" time="0.173" /><testcase classname="tests.test_youtube_attract.TestAttractIdeasAPI" name="test_create_video_idea" time="0.206" /><testcase classname="tests.test_youtube_attract.TestAttractIdeasAPI" name="test_create_and_verify_idea_persistence" time="0.322" /><testcase classname="tests.test_youtube_attract.TestAttractIdeasAPI" name="test_update_video_idea_status" time="0.325" /><testcase classname="tests.test_youtube_attract.TestAttractIdeasAPI" name="test_update_idea_all_statuses" time="0.946" /><testcase classname="tests.test_youtube_attract.TestAttractIdeasAPI" name="test_delete_video_idea" time="0.323" /><testcase classname="tests.test_youtube_attract.TestAttractIdeasAPI" name="test_delete_nonexistent_idea" time="0.091" /><testcase classname="tests.test_youtube_attract.TestAttractTrendingAPI" name="test_get_trending_videos" time="0.299" /><testcase classname="tests.test_youtube_attract.TestCleanup" name="test_cleanup_test_videos" time="0.227" /><testcase classname="tests.test_youtube_attract.TestCleanup" name="test_cleanup_test_ideas" time="0.133" /></testsuite></testsuites>